2023-02-05 17:12:19.558 INFO  [acme.Launcher@main] Starting Launcher using Java 1.8.0_341 on LAPTOP-7F2TKBA5 with PID 31808 (C:\Users\Yvans\OneDrive\Escritorio\Universidad\Tercero\DP2\Workspace-23\Frameworks\Acme-Framework-23.1.0\target\classes started by Yvan in C:\Users\Yvans\OneDrive\Escritorio\Universidad\Tercero\DP2\Workspace-23\Starters\Hello-World-23.1.0) 
2023-02-05 17:12:19.560 DEBUG [acme.Launcher@main] Running with Spring Boot v2.4.2, Spring v5.3.3 
2023-02-05 17:12:19.561 INFO  [acme.Launcher@main] The following profiles are active: development,populator 
2023-02-05 17:12:22.004 DEBUG [org.apache.jasper.servlet.JasperInitializer@main] Initializing Jasper for context [application] 
2023-02-05 17:12:25.674 DEBUG [org.apache.jasper.servlet.JspServlet@main] Scratch dir for the JSP engine is: [C:\Users\Yvans\AppData\Local\Temp\tomcat.8083.765555134307830581\work\Tomcat\localhost\hello-world-23.1.0] 
2023-02-05 17:12:25.675 DEBUG [org.apache.jasper.servlet.JspServlet@main] IMPORTANT: Do not modify the generated servlets 
2023-02-05 17:12:25.688 INFO  [acme.Launcher@main] Started Launcher in 6.791 seconds (JVM running for 7.421) 
2023-02-05 17:12:25.695 DEBUG [acme.Launcher@main] Found classpath entry '/C:/Users/Yvans/OneDrive/Escritorio/Universidad/Tercero/DP2/Workspace-23/Starters/Hello-World-23.1.0/target/test-classes/' 
2023-02-05 17:12:25.695 DEBUG [acme.Launcher@main] Found classpath entry '/C:/Users/Yvans/OneDrive/Escritorio/Universidad/Tercero/DP2/Workspace-23/Starters/Hello-World-23.1.0/target/classes/' 
2023-02-05 17:12:25.696 DEBUG [acme.Launcher@main] Found classpath entry '/C:/Users/Yvans/OneDrive/Escritorio/Universidad/Tercero/DP2/Workspace-23/Frameworks/Acme-Framework-23.1.0/target/classes/' 
2023-02-05 17:12:25.696 DEBUG [acme.Launcher@main] Found classpath entry '/C:/Users/Yvans/OneDrive/Escritorio/Universidad/Tercero/DP2/Workspace-23/Frameworks/Acme-Framework-23.1.0/target/test-classes/' 
2023-02-05 17:12:25.696 DEBUG [acme.Launcher@main] Found classpath entry '/C:/Users/Yvans/.m2/repository/org/springframework/boot/spring-boot-starter-tomcat/2.4.2/spring-boot-starter-tomcat-2.4.2.jar' 
2023-02-05 17:12:25.697 DEBUG [acme.Launcher@main] Found classpath entry '/C:/Users/Yvans/.m2/repository/jakarta/annotation/jakarta.annotation-api/1.3.5/jakarta.annotation-api-1.3.5.jar' 
2023-02-05 17:12:25.697 DEBUG [acme.Launcher@main] Found classpath entry '/C:/Users/Yvans/.m2/repository/org/apache/tomcat/embed/tomcat-embed-core/9.0.41/tomcat-embed-core-9.0.41.jar' 
2023-02-05 17:12:25.697 DEBUG [acme.Launcher@main] Found classpath entry '/C:/Users/Yvans/.m2/repository/org/glassfish/jakarta.el/3.0.3/jakarta.el-3.0.3.jar' 
2023-02-05 17:12:25.697 DEBUG [acme.Launcher@main] Found classpath entry '/C:/Users/Yvans/.m2/repository/org/apache/tomcat/embed/tomcat-embed-websocket/9.0.41/tomcat-embed-websocket-9.0.41.jar' 
2023-02-05 17:12:25.697 DEBUG [acme.Launcher@main] Found classpath entry '/C:/Users/Yvans/.m2/repository/org/apache/tomcat/embed/tomcat-embed-jasper/9.0.41/tomcat-embed-jasper-9.0.41.jar' 
2023-02-05 17:12:25.697 DEBUG [acme.Launcher@main] Found classpath entry '/C:/Users/Yvans/.m2/repository/org/apache/tomcat/embed/tomcat-embed-el/9.0.41/tomcat-embed-el-9.0.41.jar' 
2023-02-05 17:12:25.697 DEBUG [acme.Launcher@main] Found classpath entry '/C:/Users/Yvans/.m2/repository/org/eclipse/jdt/ecj/3.18.0/ecj-3.18.0.jar' 
2023-02-05 17:12:25.698 DEBUG [acme.Launcher@main] Found classpath entry '/C:/Users/Yvans/.m2/repository/javax/servlet/jstl/1.2/jstl-1.2.jar' 
2023-02-05 17:12:25.698 DEBUG [acme.Launcher@main] Found classpath entry '/C:/Users/Yvans/.m2/repository/org/springframework/boot/spring-boot-starter-security/2.4.2/spring-boot-starter-security-2.4.2.jar' 
2023-02-05 17:12:25.698 DEBUG [acme.Launcher@main] Found classpath entry '/C:/Users/Yvans/.m2/repository/org/springframework/boot/spring-boot-starter/2.4.2/spring-boot-starter-2.4.2.jar' 
2023-02-05 17:12:25.698 DEBUG [acme.Launcher@main] Found classpath entry '/C:/Users/Yvans/.m2/repository/org/springframework/boot/spring-boot/2.4.2/spring-boot-2.4.2.jar' 
2023-02-05 17:12:25.698 DEBUG [acme.Launcher@main] Found classpath entry '/C:/Users/Yvans/.m2/repository/org/springframework/boot/spring-boot-autoconfigure/2.4.2/spring-boot-autoconfigure-2.4.2.jar' 
2023-02-05 17:12:25.699 DEBUG [acme.Launcher@main] Found classpath entry '/C:/Users/Yvans/.m2/repository/org/springframework/boot/spring-boot-starter-logging/2.4.2/spring-boot-starter-logging-2.4.2.jar' 
2023-02-05 17:12:25.699 DEBUG [acme.Launcher@main] Found classpath entry '/C:/Users/Yvans/.m2/repository/ch/qos/logback/logback-classic/1.2.3/logback-classic-1.2.3.jar' 
2023-02-05 17:12:25.699 DEBUG [acme.Launcher@main] Found classpath entry '/C:/Users/Yvans/.m2/repository/ch/qos/logback/logback-core/1.2.3/logback-core-1.2.3.jar' 
2023-02-05 17:12:25.699 DEBUG [acme.Launcher@main] Found classpath entry '/C:/Users/Yvans/.m2/repository/org/apache/logging/log4j/log4j-to-slf4j/2.13.3/log4j-to-slf4j-2.13.3.jar' 
2023-02-05 17:12:25.699 DEBUG [acme.Launcher@main] Found classpath entry '/C:/Users/Yvans/.m2/repository/org/apache/logging/log4j/log4j-api/2.13.3/log4j-api-2.13.3.jar' 
2023-02-05 17:12:25.699 DEBUG [acme.Launcher@main] Found classpath entry '/C:/Users/Yvans/.m2/repository/org/slf4j/jul-to-slf4j/1.7.30/jul-to-slf4j-1.7.30.jar' 
2023-02-05 17:12:25.699 DEBUG [acme.Launcher@main] Found classpath entry '/C:/Users/Yvans/.m2/repository/org/yaml/snakeyaml/1.27/snakeyaml-1.27.jar' 
2023-02-05 17:12:25.699 DEBUG [acme.Launcher@main] Found classpath entry '/C:/Users/Yvans/.m2/repository/org/springframework/spring-aop/5.3.3/spring-aop-5.3.3.jar' 
2023-02-05 17:12:25.700 DEBUG [acme.Launcher@main] Found classpath entry '/C:/Users/Yvans/.m2/repository/org/springframework/security/spring-security-web/5.4.2/spring-security-web-5.4.2.jar' 
2023-02-05 17:12:25.700 DEBUG [acme.Launcher@main] Found classpath entry '/C:/Users/Yvans/.m2/repository/org/springframework/security/spring-security-core/5.4.2/spring-security-core-5.4.2.jar' 
2023-02-05 17:12:25.700 DEBUG [acme.Launcher@main] Found classpath entry '/C:/Users/Yvans/.m2/repository/org/springframework/spring-beans/5.3.3/spring-beans-5.3.3.jar' 
2023-02-05 17:12:25.700 DEBUG [acme.Launcher@main] Found classpath entry '/C:/Users/Yvans/.m2/repository/org/springframework/spring-context/5.3.3/spring-context-5.3.3.jar' 
2023-02-05 17:12:25.700 DEBUG [acme.Launcher@main] Found classpath entry '/C:/Users/Yvans/.m2/repository/org/springframework/spring-core/5.3.3/spring-core-5.3.3.jar' 
2023-02-05 17:12:25.700 DEBUG [acme.Launcher@main] Found classpath entry '/C:/Users/Yvans/.m2/repository/org/springframework/spring-jcl/5.3.3/spring-jcl-5.3.3.jar' 
2023-02-05 17:12:25.700 DEBUG [acme.Launcher@main] Found classpath entry '/C:/Users/Yvans/.m2/repository/org/springframework/spring-expression/5.3.3/spring-expression-5.3.3.jar' 
2023-02-05 17:12:25.700 DEBUG [acme.Launcher@main] Found classpath entry '/C:/Users/Yvans/.m2/repository/org/springframework/spring-web/5.3.3/spring-web-5.3.3.jar' 
2023-02-05 17:12:25.701 DEBUG [acme.Launcher@main] Found classpath entry '/C:/Users/Yvans/.m2/repository/org/springframework/security/spring-security-config/5.4.2/spring-security-config-5.4.2.jar' 
2023-02-05 17:12:25.701 DEBUG [acme.Launcher@main] Found classpath entry '/C:/Users/Yvans/.m2/repository/org/springframework/security/spring-security-taglibs/5.4.2/spring-security-taglibs-5.4.2.jar' 
2023-02-05 17:12:25.701 DEBUG [acme.Launcher@main] Found classpath entry '/C:/Users/Yvans/.m2/repository/org/springframework/security/spring-security-acl/5.4.2/spring-security-acl-5.4.2.jar' 
2023-02-05 17:12:25.701 DEBUG [acme.Launcher@main] Found classpath entry '/C:/Users/Yvans/.m2/repository/org/springframework/spring-jdbc/5.3.3/spring-jdbc-5.3.3.jar' 
2023-02-05 17:12:25.701 DEBUG [acme.Launcher@main] Found classpath entry '/C:/Users/Yvans/.m2/repository/org/springframework/spring-tx/5.3.3/spring-tx-5.3.3.jar' 
2023-02-05 17:12:25.702 DEBUG [acme.Launcher@main] Found classpath entry '/C:/Users/Yvans/.m2/repository/org/springframework/boot/spring-boot-starter-web/2.4.2/spring-boot-starter-web-2.4.2.jar' 
2023-02-05 17:12:25.703 DEBUG [acme.Launcher@main] Found classpath entry '/C:/Users/Yvans/.m2/repository/org/springframework/boot/spring-boot-starter-json/2.4.2/spring-boot-starter-json-2.4.2.jar' 
2023-02-05 17:12:25.703 DEBUG [acme.Launcher@main] Found classpath entry '/C:/Users/Yvans/.m2/repository/com/fasterxml/jackson/core/jackson-databind/2.11.4/jackson-databind-2.11.4.jar' 
2023-02-05 17:12:25.703 DEBUG [acme.Launcher@main] Found classpath entry '/C:/Users/Yvans/.m2/repository/com/fasterxml/jackson/core/jackson-annotations/2.11.4/jackson-annotations-2.11.4.jar' 
2023-02-05 17:12:25.703 DEBUG [acme.Launcher@main] Found classpath entry '/C:/Users/Yvans/.m2/repository/com/fasterxml/jackson/core/jackson-core/2.11.4/jackson-core-2.11.4.jar' 
2023-02-05 17:12:25.703 DEBUG [acme.Launcher@main] Found classpath entry '/C:/Users/Yvans/.m2/repository/com/fasterxml/jackson/datatype/jackson-datatype-jdk8/2.11.4/jackson-datatype-jdk8-2.11.4.jar' 
2023-02-05 17:12:25.703 DEBUG [acme.Launcher@main] Found classpath entry '/C:/Users/Yvans/.m2/repository/com/fasterxml/jackson/datatype/jackson-datatype-jsr310/2.11.4/jackson-datatype-jsr310-2.11.4.jar' 
2023-02-05 17:12:25.703 DEBUG [acme.Launcher@main] Found classpath entry '/C:/Users/Yvans/.m2/repository/com/fasterxml/jackson/module/jackson-module-parameter-names/2.11.4/jackson-module-parameter-names-2.11.4.jar' 
2023-02-05 17:12:25.704 DEBUG [acme.Launcher@main] Found classpath entry '/C:/Users/Yvans/.m2/repository/org/springframework/spring-webmvc/5.3.3/spring-webmvc-5.3.3.jar' 
2023-02-05 17:12:25.704 DEBUG [acme.Launcher@main] Found classpath entry '/C:/Users/Yvans/.m2/repository/org/apache/tiles/tiles-jsp/3.0.8/tiles-jsp-3.0.8.jar' 
2023-02-05 17:12:25.704 DEBUG [acme.Launcher@main] Found classpath entry '/C:/Users/Yvans/.m2/repository/org/apache/tiles/tiles-servlet/3.0.8/tiles-servlet-3.0.8.jar' 
2023-02-05 17:12:25.704 DEBUG [acme.Launcher@main] Found classpath entry '/C:/Users/Yvans/.m2/repository/org/apache/tiles/tiles-core/3.0.8/tiles-core-3.0.8.jar' 
2023-02-05 17:12:25.704 DEBUG [acme.Launcher@main] Found classpath entry '/C:/Users/Yvans/.m2/repository/commons-digester/commons-digester/2.0/commons-digester-2.0.jar' 
2023-02-05 17:12:25.704 DEBUG [acme.Launcher@main] Found classpath entry '/C:/Users/Yvans/.m2/repository/org/slf4j/jcl-over-slf4j/1.7.30/jcl-over-slf4j-1.7.30.jar' 
2023-02-05 17:12:25.704 DEBUG [acme.Launcher@main] Found classpath entry '/C:/Users/Yvans/.m2/repository/org/apache/tiles/tiles-request-servlet/1.0.7/tiles-request-servlet-1.0.7.jar' 
2023-02-05 17:12:25.705 DEBUG [acme.Launcher@main] Found classpath entry '/C:/Users/Yvans/.m2/repository/org/apache/tiles/tiles-template/3.0.8/tiles-template-3.0.8.jar' 
2023-02-05 17:12:25.705 DEBUG [acme.Launcher@main] Found classpath entry '/C:/Users/Yvans/.m2/repository/org/apache/tiles/tiles-api/3.0.8/tiles-api-3.0.8.jar' 
2023-02-05 17:12:25.705 DEBUG [acme.Launcher@main] Found classpath entry '/C:/Users/Yvans/.m2/repository/org/apache/tiles/tiles-autotag-core-runtime/1.2/tiles-autotag-core-runtime-1.2.jar' 
2023-02-05 17:12:25.705 DEBUG [acme.Launcher@main] Found classpath entry '/C:/Users/Yvans/.m2/repository/org/slf4j/slf4j-api/1.7.30/slf4j-api-1.7.30.jar' 
2023-02-05 17:12:25.705 DEBUG [acme.Launcher@main] Found classpath entry '/C:/Users/Yvans/.m2/repository/org/apache/tiles/tiles-request-jsp/1.0.7/tiles-request-jsp-1.0.7.jar' 
2023-02-05 17:12:25.705 DEBUG [acme.Launcher@main] Found classpath entry '/C:/Users/Yvans/.m2/repository/org/apache/tiles/tiles-request-api/1.0.7/tiles-request-api-1.0.7.jar' 
2023-02-05 17:12:25.705 DEBUG [acme.Launcher@main] Found classpath entry '/C:/Users/Yvans/.m2/repository/org/springframework/boot/spring-boot-starter-data-jpa/2.4.2/spring-boot-starter-data-jpa-2.4.2.jar' 
2023-02-05 17:12:25.706 DEBUG [acme.Launcher@main] Found classpath entry '/C:/Users/Yvans/.m2/repository/org/springframework/boot/spring-boot-starter-aop/2.4.2/spring-boot-starter-aop-2.4.2.jar' 
2023-02-05 17:12:25.706 DEBUG [acme.Launcher@main] Found classpath entry '/C:/Users/Yvans/.m2/repository/org/aspectj/aspectjweaver/1.9.6/aspectjweaver-1.9.6.jar' 
2023-02-05 17:12:25.706 DEBUG [acme.Launcher@main] Found classpath entry '/C:/Users/Yvans/.m2/repository/org/springframework/boot/spring-boot-starter-jdbc/2.4.2/spring-boot-starter-jdbc-2.4.2.jar' 
2023-02-05 17:12:25.706 DEBUG [acme.Launcher@main] Found classpath entry '/C:/Users/Yvans/.m2/repository/jakarta/transaction/jakarta.transaction-api/1.3.3/jakarta.transaction-api-1.3.3.jar' 
2023-02-05 17:12:25.706 DEBUG [acme.Launcher@main] Found classpath entry '/C:/Users/Yvans/.m2/repository/jakarta/persistence/jakarta.persistence-api/2.2.3/jakarta.persistence-api-2.2.3.jar' 
2023-02-05 17:12:25.706 DEBUG [acme.Launcher@main] Found classpath entry '/C:/Users/Yvans/.m2/repository/org/hibernate/hibernate-core/5.4.27.Final/hibernate-core-5.4.27.Final.jar' 
2023-02-05 17:12:25.706 DEBUG [acme.Launcher@main] Found classpath entry '/C:/Users/Yvans/.m2/repository/org/jboss/logging/jboss-logging/3.4.1.Final/jboss-logging-3.4.1.Final.jar' 
2023-02-05 17:12:25.706 DEBUG [acme.Launcher@main] Found classpath entry '/C:/Users/Yvans/.m2/repository/org/javassist/javassist/3.27.0-GA/javassist-3.27.0-GA.jar' 
2023-02-05 17:12:25.707 DEBUG [acme.Launcher@main] Found classpath entry '/C:/Users/Yvans/.m2/repository/antlr/antlr/2.7.7/antlr-2.7.7.jar' 
2023-02-05 17:12:25.707 DEBUG [acme.Launcher@main] Found classpath entry '/C:/Users/Yvans/.m2/repository/org/jboss/jandex/2.1.3.Final/jandex-2.1.3.Final.jar' 
2023-02-05 17:12:25.707 DEBUG [acme.Launcher@main] Found classpath entry '/C:/Users/Yvans/.m2/repository/com/fasterxml/classmate/1.5.1/classmate-1.5.1.jar' 
2023-02-05 17:12:25.707 DEBUG [acme.Launcher@main] Found classpath entry '/C:/Users/Yvans/.m2/repository/org/dom4j/dom4j/2.1.3/dom4j-2.1.3.jar' 
2023-02-05 17:12:25.707 DEBUG [acme.Launcher@main] Found classpath entry '/C:/Users/Yvans/.m2/repository/org/hibernate/common/hibernate-commons-annotations/5.1.2.Final/hibernate-commons-annotations-5.1.2.Final.jar' 
2023-02-05 17:12:25.707 DEBUG [acme.Launcher@main] Found classpath entry '/C:/Users/Yvans/.m2/repository/org/glassfish/jaxb/jaxb-runtime/2.3.3/jaxb-runtime-2.3.3.jar' 
2023-02-05 17:12:25.707 DEBUG [acme.Launcher@main] Found classpath entry '/C:/Users/Yvans/.m2/repository/org/glassfish/jaxb/txw2/2.3.3/txw2-2.3.3.jar' 
2023-02-05 17:12:25.708 DEBUG [acme.Launcher@main] Found classpath entry '/C:/Users/Yvans/.m2/repository/com/sun/istack/istack-commons-runtime/3.0.11/istack-commons-runtime-3.0.11.jar' 
2023-02-05 17:12:25.708 DEBUG [acme.Launcher@main] Found classpath entry '/C:/Users/Yvans/.m2/repository/com/sun/activation/jakarta.activation/1.2.2/jakarta.activation-1.2.2.jar' 
2023-02-05 17:12:25.708 DEBUG [acme.Launcher@main] Found classpath entry '/C:/Users/Yvans/.m2/repository/org/springframework/data/spring-data-jpa/2.4.3/spring-data-jpa-2.4.3.jar' 
2023-02-05 17:12:25.708 DEBUG [acme.Launcher@main] Found classpath entry '/C:/Users/Yvans/.m2/repository/org/springframework/data/spring-data-commons/2.4.3/spring-data-commons-2.4.3.jar' 
2023-02-05 17:12:25.708 DEBUG [acme.Launcher@main] Found classpath entry '/C:/Users/Yvans/.m2/repository/org/springframework/spring-orm/5.3.3/spring-orm-5.3.3.jar' 
2023-02-05 17:12:25.708 DEBUG [acme.Launcher@main] Found classpath entry '/C:/Users/Yvans/.m2/repository/org/springframework/spring-aspects/5.3.3/spring-aspects-5.3.3.jar' 
2023-02-05 17:12:25.708 DEBUG [acme.Launcher@main] Found classpath entry '/C:/Users/Yvans/.m2/repository/org/springframework/boot/spring-boot-starter-validation/2.4.2/spring-boot-starter-validation-2.4.2.jar' 
2023-02-05 17:12:25.708 DEBUG [acme.Launcher@main] Found classpath entry '/C:/Users/Yvans/.m2/repository/org/hibernate/validator/hibernate-validator/6.1.7.Final/hibernate-validator-6.1.7.Final.jar' 
2023-02-05 17:12:25.709 DEBUG [acme.Launcher@main] Found classpath entry '/C:/Users/Yvans/.m2/repository/jakarta/validation/jakarta.validation-api/2.0.2/jakarta.validation-api-2.0.2.jar' 
2023-02-05 17:12:25.709 DEBUG [acme.Launcher@main] Found classpath entry '/C:/Users/Yvans/.m2/repository/mysql/mysql-connector-java/8.0.22/mysql-connector-java-8.0.22.jar' 
2023-02-05 17:12:25.709 DEBUG [acme.Launcher@main] Found classpath entry '/C:/Users/Yvans/.m2/repository/com/zaxxer/HikariCP/3.4.5/HikariCP-3.4.5.jar' 
2023-02-05 17:12:25.709 DEBUG [acme.Launcher@main] Found classpath entry '/C:/Users/Yvans/.m2/repository/org/springframework/boot/spring-boot-starter-test/2.4.2/spring-boot-starter-test-2.4.2.jar' 
2023-02-05 17:12:25.709 DEBUG [acme.Launcher@main] Found classpath entry '/C:/Users/Yvans/.m2/repository/org/springframework/boot/spring-boot-test/2.4.2/spring-boot-test-2.4.2.jar' 
2023-02-05 17:12:25.709 DEBUG [acme.Launcher@main] Found classpath entry '/C:/Users/Yvans/.m2/repository/org/springframework/boot/spring-boot-test-autoconfigure/2.4.2/spring-boot-test-autoconfigure-2.4.2.jar' 
2023-02-05 17:12:25.709 DEBUG [acme.Launcher@main] Found classpath entry '/C:/Users/Yvans/.m2/repository/com/jayway/jsonpath/json-path/2.4.0/json-path-2.4.0.jar' 
2023-02-05 17:12:25.709 DEBUG [acme.Launcher@main] Found classpath entry '/C:/Users/Yvans/.m2/repository/net/minidev/json-smart/2.3/json-smart-2.3.jar' 
2023-02-05 17:12:25.710 DEBUG [acme.Launcher@main] Found classpath entry '/C:/Users/Yvans/.m2/repository/net/minidev/accessors-smart/1.2/accessors-smart-1.2.jar' 
2023-02-05 17:12:25.710 DEBUG [acme.Launcher@main] Found classpath entry '/C:/Users/Yvans/.m2/repository/org/ow2/asm/asm/5.0.4/asm-5.0.4.jar' 
2023-02-05 17:12:25.710 DEBUG [acme.Launcher@main] Found classpath entry '/C:/Users/Yvans/.m2/repository/jakarta/xml/bind/jakarta.xml.bind-api/2.3.3/jakarta.xml.bind-api-2.3.3.jar' 
2023-02-05 17:12:25.710 DEBUG [acme.Launcher@main] Found classpath entry '/C:/Users/Yvans/.m2/repository/jakarta/activation/jakarta.activation-api/1.2.2/jakarta.activation-api-1.2.2.jar' 
2023-02-05 17:12:25.710 DEBUG [acme.Launcher@main] Found classpath entry '/C:/Users/Yvans/.m2/repository/org/assertj/assertj-core/3.18.1/assertj-core-3.18.1.jar' 
2023-02-05 17:12:25.710 DEBUG [acme.Launcher@main] Found classpath entry '/C:/Users/Yvans/.m2/repository/org/hamcrest/hamcrest/2.2/hamcrest-2.2.jar' 
2023-02-05 17:12:25.710 DEBUG [acme.Launcher@main] Found classpath entry '/C:/Users/Yvans/.m2/repository/org/junit/jupiter/junit-jupiter/5.7.0/junit-jupiter-5.7.0.jar' 
2023-02-05 17:12:25.710 DEBUG [acme.Launcher@main] Found classpath entry '/C:/Users/Yvans/.m2/repository/org/mockito/mockito-core/3.6.28/mockito-core-3.6.28.jar' 
2023-02-05 17:12:25.710 DEBUG [acme.Launcher@main] Found classpath entry '/C:/Users/Yvans/.m2/repository/net/bytebuddy/byte-buddy-agent/1.10.19/byte-buddy-agent-1.10.19.jar' 
2023-02-05 17:12:25.711 DEBUG [acme.Launcher@main] Found classpath entry '/C:/Users/Yvans/.m2/repository/org/objenesis/objenesis/3.1/objenesis-3.1.jar' 
2023-02-05 17:12:25.711 DEBUG [acme.Launcher@main] Found classpath entry '/C:/Users/Yvans/.m2/repository/org/mockito/mockito-junit-jupiter/3.6.28/mockito-junit-jupiter-3.6.28.jar' 
2023-02-05 17:12:25.711 DEBUG [acme.Launcher@main] Found classpath entry '/C:/Users/Yvans/.m2/repository/org/skyscreamer/jsonassert/1.5.0/jsonassert-1.5.0.jar' 
2023-02-05 17:12:25.711 DEBUG [acme.Launcher@main] Found classpath entry '/C:/Users/Yvans/.m2/repository/com/vaadin/external/google/android-json/0.0.20131108.vaadin1/android-json-0.0.20131108.vaadin1.jar' 
2023-02-05 17:12:25.711 DEBUG [acme.Launcher@main] Found classpath entry '/C:/Users/Yvans/.m2/repository/org/springframework/spring-test/5.3.3/spring-test-5.3.3.jar' 
2023-02-05 17:12:25.711 DEBUG [acme.Launcher@main] Found classpath entry '/C:/Users/Yvans/.m2/repository/org/xmlunit/xmlunit-core/2.7.0/xmlunit-core-2.7.0.jar' 
2023-02-05 17:12:25.711 DEBUG [acme.Launcher@main] Found classpath entry '/C:/Users/Yvans/.m2/repository/org/junit/jupiter/junit-jupiter-engine/5.7.0/junit-jupiter-engine-5.7.0.jar' 
2023-02-05 17:12:25.711 DEBUG [acme.Launcher@main] Found classpath entry '/C:/Users/Yvans/.m2/repository/org/apiguardian/apiguardian-api/1.1.0/apiguardian-api-1.1.0.jar' 
2023-02-05 17:12:25.711 DEBUG [acme.Launcher@main] Found classpath entry '/C:/Users/Yvans/.m2/repository/org/junit/platform/junit-platform-engine/1.7.0/junit-platform-engine-1.7.0.jar' 
2023-02-05 17:12:25.712 DEBUG [acme.Launcher@main] Found classpath entry '/C:/Users/Yvans/.m2/repository/org/junit/jupiter/junit-jupiter-api/5.7.0/junit-jupiter-api-5.7.0.jar' 
2023-02-05 17:12:25.712 DEBUG [acme.Launcher@main] Found classpath entry '/C:/Users/Yvans/.m2/repository/org/opentest4j/opentest4j/1.2.0/opentest4j-1.2.0.jar' 
2023-02-05 17:12:25.712 DEBUG [acme.Launcher@main] Found classpath entry '/C:/Users/Yvans/.m2/repository/org/junit/platform/junit-platform-commons/1.7.0/junit-platform-commons-1.7.0.jar' 
2023-02-05 17:12:25.712 DEBUG [acme.Launcher@main] Found classpath entry '/C:/Users/Yvans/.m2/repository/org/junit/jupiter/junit-jupiter-params/5.7.0/junit-jupiter-params-5.7.0.jar' 
2023-02-05 17:12:25.712 DEBUG [acme.Launcher@main] Found classpath entry '/C:/Users/Yvans/.m2/repository/org/junit/platform/junit-platform-launcher/1.7.0/junit-platform-launcher-1.7.0.jar' 
2023-02-05 17:12:25.712 DEBUG [acme.Launcher@main] Found classpath entry '/C:/Users/Yvans/.m2/repository/org/seleniumhq/selenium/selenium-java/3.141.59/selenium-java-3.141.59.jar' 
2023-02-05 17:12:25.712 DEBUG [acme.Launcher@main] Found classpath entry '/C:/Users/Yvans/.m2/repository/org/seleniumhq/selenium/selenium-api/3.141.59/selenium-api-3.141.59.jar' 
2023-02-05 17:12:25.712 DEBUG [acme.Launcher@main] Found classpath entry '/C:/Users/Yvans/.m2/repository/org/seleniumhq/selenium/selenium-chrome-driver/3.141.59/selenium-chrome-driver-3.141.59.jar' 
2023-02-05 17:12:25.712 DEBUG [acme.Launcher@main] Found classpath entry '/C:/Users/Yvans/.m2/repository/org/seleniumhq/selenium/selenium-edge-driver/3.141.59/selenium-edge-driver-3.141.59.jar' 
2023-02-05 17:12:25.713 DEBUG [acme.Launcher@main] Found classpath entry '/C:/Users/Yvans/.m2/repository/org/seleniumhq/selenium/selenium-firefox-driver/3.141.59/selenium-firefox-driver-3.141.59.jar' 
2023-02-05 17:12:25.713 DEBUG [acme.Launcher@main] Found classpath entry '/C:/Users/Yvans/.m2/repository/org/seleniumhq/selenium/selenium-ie-driver/3.141.59/selenium-ie-driver-3.141.59.jar' 
2023-02-05 17:12:25.713 DEBUG [acme.Launcher@main] Found classpath entry '/C:/Users/Yvans/.m2/repository/org/seleniumhq/selenium/selenium-opera-driver/3.141.59/selenium-opera-driver-3.141.59.jar' 
2023-02-05 17:12:25.713 DEBUG [acme.Launcher@main] Found classpath entry '/C:/Users/Yvans/.m2/repository/org/seleniumhq/selenium/selenium-remote-driver/3.141.59/selenium-remote-driver-3.141.59.jar' 
2023-02-05 17:12:25.713 DEBUG [acme.Launcher@main] Found classpath entry '/C:/Users/Yvans/.m2/repository/org/seleniumhq/selenium/selenium-safari-driver/3.141.59/selenium-safari-driver-3.141.59.jar' 
2023-02-05 17:12:25.713 DEBUG [acme.Launcher@main] Found classpath entry '/C:/Users/Yvans/.m2/repository/org/seleniumhq/selenium/selenium-support/3.141.59/selenium-support-3.141.59.jar' 
2023-02-05 17:12:25.713 DEBUG [acme.Launcher@main] Found classpath entry '/C:/Users/Yvans/.m2/repository/net/bytebuddy/byte-buddy/1.10.19/byte-buddy-1.10.19.jar' 
2023-02-05 17:12:25.713 DEBUG [acme.Launcher@main] Found classpath entry '/C:/Users/Yvans/.m2/repository/org/apache/commons/commons-exec/1.3/commons-exec-1.3.jar' 
2023-02-05 17:12:25.714 DEBUG [acme.Launcher@main] Found classpath entry '/C:/Users/Yvans/.m2/repository/com/google/guava/guava/25.0-jre/guava-25.0-jre.jar' 
2023-02-05 17:12:25.714 DEBUG [acme.Launcher@main] Found classpath entry '/C:/Users/Yvans/.m2/repository/com/google/code/findbugs/jsr305/1.3.9/jsr305-1.3.9.jar' 
2023-02-05 17:12:25.714 DEBUG [acme.Launcher@main] Found classpath entry '/C:/Users/Yvans/.m2/repository/org/checkerframework/checker-compat-qual/2.0.0/checker-compat-qual-2.0.0.jar' 
2023-02-05 17:12:25.714 DEBUG [acme.Launcher@main] Found classpath entry '/C:/Users/Yvans/.m2/repository/com/google/errorprone/error_prone_annotations/2.1.3/error_prone_annotations-2.1.3.jar' 
2023-02-05 17:12:25.714 DEBUG [acme.Launcher@main] Found classpath entry '/C:/Users/Yvans/.m2/repository/com/google/j2objc/j2objc-annotations/1.1/j2objc-annotations-1.1.jar' 
2023-02-05 17:12:25.714 DEBUG [acme.Launcher@main] Found classpath entry '/C:/Users/Yvans/.m2/repository/org/codehaus/mojo/animal-sniffer-annotations/1.14/animal-sniffer-annotations-1.14.jar' 
2023-02-05 17:12:25.714 DEBUG [acme.Launcher@main] Found classpath entry '/C:/Users/Yvans/.m2/repository/com/squareup/okhttp3/okhttp/3.14.9/okhttp-3.14.9.jar' 
2023-02-05 17:12:25.714 DEBUG [acme.Launcher@main] Found classpath entry '/C:/Users/Yvans/.m2/repository/com/squareup/okio/okio/1.14.0/okio-1.14.0.jar' 
2023-02-05 17:12:25.714 DEBUG [acme.Launcher@main] Found classpath entry '/C:/Users/Yvans/.m2/repository/org/apache/commons/commons-lang3/3.11/commons-lang3-3.11.jar' 
2023-02-05 17:12:25.714 DEBUG [acme.Launcher@main] Found classpath entry '/C:/Users/Yvans/.m2/repository/org/apache/commons/commons-text/1.8/commons-text-1.8.jar' 
2023-02-05 17:12:25.715 DEBUG [acme.Launcher@main] Found classpath entry '/C:/Users/Yvans/.m2/repository/commons-io/commons-io/2.6/commons-io-2.6.jar' 
2023-02-05 17:12:25.715 DEBUG [acme.Launcher@main] Found classpath entry '/C:/Users/Yvans/.m2/repository/commons-cli/commons-cli/1.4/commons-cli-1.4.jar' 
2023-02-05 17:12:25.715 DEBUG [acme.Launcher@main] Found classpath entry '/C:/Users/Yvans/.m2/repository/org/projectlombok/lombok/1.18.16/lombok-1.18.16.jar' 
2023-02-05 17:12:25.715 DEBUG [acme.Launcher@main] Found classpath entry '/C:/Users/Yvans/.m2/repository/com/opencsv/opencsv/5.4/opencsv-5.4.jar' 
2023-02-05 17:12:25.715 DEBUG [acme.Launcher@main] Found classpath entry '/C:/Users/Yvans/.m2/repository/commons-beanutils/commons-beanutils/1.9.4/commons-beanutils-1.9.4.jar' 
2023-02-05 17:12:25.715 DEBUG [acme.Launcher@main] Found classpath entry '/C:/Users/Yvans/.m2/repository/commons-logging/commons-logging/1.2/commons-logging-1.2.jar' 
2023-02-05 17:12:25.715 DEBUG [acme.Launcher@main] Found classpath entry '/C:/Users/Yvans/.m2/repository/commons-collections/commons-collections/3.2.2/commons-collections-3.2.2.jar' 
2023-02-05 17:12:25.715 DEBUG [acme.Launcher@main] Found classpath entry '/C:/Users/Yvans/.m2/repository/org/apache/commons/commons-collections4/4.4/commons-collections4-4.4.jar' 
2023-02-05 17:12:25.715 DEBUG [acme.Launcher@main] Found classpath entry '/C:/Users/Yvans/OneDrive/Escritorio/Universidad/Tercero/DP2/Workspace-23/Tools/IDEs/eclipse-jee-2022-06/configuration/org.eclipse.osgi/407/0/.cp/lib/javaagent-shaded.jar' 
2023-02-05 17:12:25.770 DEBUG [acme.Launcher@main] Found entity class 'acme.roles.Consumer 
2023-02-05 17:12:25.770 DEBUG [acme.Launcher@main] Found entity class 'acme.roles.Provider 
2023-02-05 17:12:25.770 DEBUG [acme.Launcher@main] Found entity class 'acme.framework.components.accounts.Administrator 
2023-02-05 17:12:25.770 DEBUG [acme.Launcher@main] Found entity class 'acme.framework.components.accounts.Anonymous 
2023-02-05 17:12:25.770 DEBUG [acme.Launcher@main] Found entity class 'acme.framework.components.accounts.Any 
2023-02-05 17:12:25.770 DEBUG [acme.Launcher@main] Found entity class 'acme.framework.components.accounts.Authenticated 
2023-02-05 17:12:25.771 DEBUG [acme.Launcher@main] Found entity class 'acme.framework.components.accounts.UserAccount 
2023-02-05 17:12:25.774 DEBUG [acme.framework.components.clocks.AbstractClock@main] Changing base moment to 'Sun Feb 05 17:12:25 CET 2023'. 
2023-02-05 17:12:25.775 DEBUG [acme.framework.components.clocks.AbstractClock@main] Changing base moment to 'Sat Jul 30 00:00:00 CEST 2022'. 
2023-02-05 17:12:25.776 DEBUG [acme.framework.components.clocks.SimulatedClock@main] Changing current moment to 'Sat Jul 30 00:00:00 CEST 2022'. 
2023-02-05 17:12:25.776 INFO  [acme.Launcher@main] Populating with sample data 
2023-02-05 17:12:25.778 INFO  [acme.framework.components.database.DatabasePopulator@main] Reading entities from 'classpath:/WEB-INF/resources/initial-data'. 
2023-02-05 17:12:25.782 DEBUG [acme.framework.components.database.EntityTable@main] Reading entities from 'C:\Users\Yvans\OneDrive\Escritorio\Universidad\Tercero\DP2\Workspace-23\Starters\Hello-World-23.1.0\target\classes\WEB-INF\resources\initial-data\administrator.csv'. 
2023-02-05 17:12:25.831 DEBUG [acme.framework.components.database.EntityTable@main] Reading mapping '{key=administrator-01, key:userAccount=user-account-administrator-01}' from 'C:\Users\Yvans\OneDrive\Escritorio\Universidad\Tercero\DP2\Workspace-23\Starters\Hello-World-23.1.0\target\classes\WEB-INF\resources\initial-data\administrator.csv'. 
2023-02-05 17:12:25.833 DEBUG [acme.framework.components.database.EntityTable@main] Reading entities from 'C:\Users\Yvans\OneDrive\Escritorio\Universidad\Tercero\DP2\Workspace-23\Starters\Hello-World-23.1.0\target\classes\WEB-INF\resources\initial-data\anonymous.csv'. 
2023-02-05 17:12:25.834 DEBUG [acme.framework.components.database.EntityTable@main] Reading mapping '{key=anonymous-01, key:userAccount=user-account-anonymous-01}' from 'C:\Users\Yvans\OneDrive\Escritorio\Universidad\Tercero\DP2\Workspace-23\Starters\Hello-World-23.1.0\target\classes\WEB-INF\resources\initial-data\anonymous.csv'. 
2023-02-05 17:12:25.834 DEBUG [acme.framework.components.database.EntityTable@main] Reading entities from 'C:\Users\Yvans\OneDrive\Escritorio\Universidad\Tercero\DP2\Workspace-23\Starters\Hello-World-23.1.0\target\classes\WEB-INF\resources\initial-data\user-account.csv'. 
2023-02-05 17:12:25.836 DEBUG [acme.framework.components.database.EntityTable@main] Reading mapping '{password=HIDDEN-PASSWORD, identity=UserIdentity{name: 'John', surname: 'Doe', email: 'john.doe@acme.com'}, key=user-account-anonymous-01, enabled=false, username=anonymous}' from 'C:\Users\Yvans\OneDrive\Escritorio\Universidad\Tercero\DP2\Workspace-23\Starters\Hello-World-23.1.0\target\classes\WEB-INF\resources\initial-data\user-account.csv'. 
2023-02-05 17:12:25.837 DEBUG [acme.framework.components.database.EntityTable@main] Reading mapping '{password=administrator, identity=UserIdentity{name: 'Administrator', surname: 'Acme', email: 'administrator@acme.com'}, key=user-account-administrator-01, enabled=true, username=administrator}' from 'C:\Users\Yvans\OneDrive\Escritorio\Universidad\Tercero\DP2\Workspace-23\Starters\Hello-World-23.1.0\target\classes\WEB-INF\resources\initial-data\user-account.csv'. 
2023-02-05 17:12:25.837 DEBUG [acme.framework.components.database.EntityWeb@main] Setting attributes of entities of class acme.framework.components.accounts.UserAccount. 
2023-02-05 17:12:25.991 DEBUG [acme.framework.components.database.EntityWeb@main] Setting attributes of entities of class acme.framework.components.accounts.Administrator. 
2023-02-05 17:12:25.992 DEBUG [acme.framework.components.database.EntityWeb@main] Setting attributes of entities of class acme.framework.components.accounts.Anonymous. 
2023-02-05 17:12:25.992 DEBUG [acme.framework.components.database.EntityWeb@main] Linking entities of class acme.framework.components.accounts.UserAccount. 
2023-02-05 17:12:25.992 DEBUG [acme.framework.components.database.EntityWeb@main] Linking entities of class acme.framework.components.accounts.Administrator. 
2023-02-05 17:12:25.995 DEBUG [acme.framework.components.database.EntityWeb@main] Linking entities of class acme.framework.components.accounts.Anonymous. 
2023-02-05 17:12:25.999 INFO  [acme.framework.components.database.DatabasePopulator@main] Reading entities from 'classpath:/WEB-INF/resources/sample-data'. 
2023-02-05 17:12:25.999 DEBUG [acme.framework.components.database.EntityTable@main] Reading entities from 'C:\Users\Yvans\OneDrive\Escritorio\Universidad\Tercero\DP2\Workspace-23\Starters\Hello-World-23.1.0\target\classes\WEB-INF\resources\sample-data\consumer.csv'. 
2023-02-05 17:12:26 DEBUG [acme.framework.components.database.EntityTable@main] Reading mapping '{company=Macarena, Inc., sector=Telecommunications, key=consumer-01, key:userAccount=user-account-administrator-01}' from 'C:\Users\Yvans\OneDrive\Escritorio\Universidad\Tercero\DP2\Workspace-23\Starters\Hello-World-23.1.0\target\classes\WEB-INF\resources\sample-data\consumer.csv'. 
2023-02-05 17:12:26.001 DEBUG [acme.framework.components.database.EntityTable@main] Reading entities from 'C:\Users\Yvans\OneDrive\Escritorio\Universidad\Tercero\DP2\Workspace-23\Starters\Hello-World-23.1.0\target\classes\WEB-INF\resources\sample-data\provider.csv'. 
2023-02-05 17:12:26.002 DEBUG [acme.framework.components.database.EntityTable@main] Reading mapping '{company=Terra Nets, S.A., sector=Internet, key=provider-01, key:userAccount=user-account-administrator-01}' from 'C:\Users\Yvans\OneDrive\Escritorio\Universidad\Tercero\DP2\Workspace-23\Starters\Hello-World-23.1.0\target\classes\WEB-INF\resources\sample-data\provider.csv'. 
2023-02-05 17:12:26.002 DEBUG [acme.framework.components.database.EntityWeb@main] Setting attributes of entities of class acme.roles.Provider. 
2023-02-05 17:12:26.006 DEBUG [acme.framework.components.database.EntityWeb@main] Setting attributes of entities of class acme.roles.Consumer. 
2023-02-05 17:12:26.010 DEBUG [acme.framework.components.database.EntityWeb@main] Linking entities of class acme.roles.Provider. 
2023-02-05 17:12:26.010 DEBUG [acme.framework.components.database.EntityWeb@main] Linking entities of class acme.roles.Consumer. 
2023-02-05 17:12:26.010 INFO  [acme.framework.components.database.DatabasePopulator@main] Validating your entities. 
2023-02-05 17:12:26.070 DEBUG [acme.framework.components.database.DatabasePopulator@main] Validating 'user-account-anonymous-01' ... PASS. 
2023-02-05 17:12:26.072 DEBUG [acme.framework.components.database.DatabasePopulator@main] Validating 'user-account-administrator-01' ... PASS. 
2023-02-05 17:12:26.079 DEBUG [acme.framework.components.database.DatabasePopulator@main] Validating 'anonymous-01' ... PASS. 
2023-02-05 17:12:26.083 DEBUG [acme.framework.components.database.DatabasePopulator@main] Validating 'provider-01' ... PASS. 
2023-02-05 17:12:26.088 DEBUG [acme.framework.components.database.DatabasePopulator@main] Validating 'consumer-01' ... PASS. 
2023-02-05 17:12:26.092 DEBUG [acme.framework.components.database.DatabasePopulator@main] Validating 'administrator-01' ... PASS. 
2023-02-05 17:12:26.092 INFO  [acme.framework.components.database.DatabasePopulator@main] Sorting your entity classes topologically. 
2023-02-05 17:12:26.092 DEBUG [acme.framework.components.database.DatabasePopulator@main] Best topological order for your entity clazzes: 
2023-02-05 17:12:26.092 DEBUG [acme.framework.components.database.DatabasePopulator@main] - acme.framework.components.accounts.UserAccount 
2023-02-05 17:12:26.092 DEBUG [acme.framework.components.database.DatabasePopulator@main] - acme.framework.components.accounts.Administrator 
2023-02-05 17:12:26.092 DEBUG [acme.framework.components.database.DatabasePopulator@main] - acme.framework.components.accounts.Anonymous 
2023-02-05 17:12:26.092 DEBUG [acme.framework.components.database.DatabasePopulator@main] - acme.roles.Provider 
2023-02-05 17:12:26.092 DEBUG [acme.framework.components.database.DatabasePopulator@main] - acme.roles.Consumer 
2023-02-05 17:12:26.125 INFO  [acme.framework.components.database.DatabaseManager@main] Dropping database schema (if exists). 
2023-02-05 17:12:26.126 DEBUG [acme.framework.components.database.DatabaseManager@main] Starting transaction 5df77cce-a91b-4d2e-a1b3-aed8998db90f. 
2023-02-05 17:12:26.151 DEBUG [acme.framework.components.database.DatabaseManager@main] Creating batch for transaction 5df77cce-a91b-4d2e-a1b3-aed8998db90f. 
2023-02-05 17:12:26.151 DEBUG [acme.framework.components.database.DatabaseManager@main] Adding 'set foreign_key_checks=0; ' to batch in transaction 5df77cce-a91b-4d2e-a1b3-aed8998db90f. 
2023-02-05 17:12:26.151 DEBUG [acme.framework.components.database.DatabaseManager@main] Adding 'drop table if exists administrator' to batch in transaction 5df77cce-a91b-4d2e-a1b3-aed8998db90f. 
2023-02-05 17:12:26.151 DEBUG [acme.framework.components.database.DatabaseManager@main] Adding 'drop table if exists anonymous' to batch in transaction 5df77cce-a91b-4d2e-a1b3-aed8998db90f. 
2023-02-05 17:12:26.151 DEBUG [acme.framework.components.database.DatabaseManager@main] Adding 'drop table if exists any' to batch in transaction 5df77cce-a91b-4d2e-a1b3-aed8998db90f. 
2023-02-05 17:12:26.152 DEBUG [acme.framework.components.database.DatabaseManager@main] Adding 'drop table if exists authenticated' to batch in transaction 5df77cce-a91b-4d2e-a1b3-aed8998db90f. 
2023-02-05 17:12:26.152 DEBUG [acme.framework.components.database.DatabaseManager@main] Adding 'drop table if exists consumer' to batch in transaction 5df77cce-a91b-4d2e-a1b3-aed8998db90f. 
2023-02-05 17:12:26.152 DEBUG [acme.framework.components.database.DatabaseManager@main] Adding 'drop table if exists hibernate_sequence' to batch in transaction 5df77cce-a91b-4d2e-a1b3-aed8998db90f. 
2023-02-05 17:12:26.152 DEBUG [acme.framework.components.database.DatabaseManager@main] Adding 'drop table if exists provider' to batch in transaction 5df77cce-a91b-4d2e-a1b3-aed8998db90f. 
2023-02-05 17:12:26.152 DEBUG [acme.framework.components.database.DatabaseManager@main] Adding 'drop table if exists user_account' to batch in transaction 5df77cce-a91b-4d2e-a1b3-aed8998db90f. 
2023-02-05 17:12:26.152 DEBUG [acme.framework.components.database.DatabaseManager@main] Adding 'set foreign_key_checks=1; ' to batch in transaction 5df77cce-a91b-4d2e-a1b3-aed8998db90f. 
2023-02-05 17:12:26.152 DEBUG [acme.framework.components.database.DatabaseManager@main] Submitting batch in transaction 5df77cce-a91b-4d2e-a1b3-aed8998db90f. 
2023-02-05 17:12:26.422 DEBUG [acme.framework.components.database.DatabaseManager@main] Committing transaction 5df77cce-a91b-4d2e-a1b3-aed8998db90f. 
2023-02-05 17:12:26.425 INFO  [acme.framework.components.database.DatabaseManager@main] Creating database and schema. 
2023-02-05 17:12:26.434 DEBUG [acme.framework.components.database.DatabaseManager@main] Starting transaction 7d5e6830-1954-4268-9931-32539deae429. 
2023-02-05 17:12:26.434 DEBUG [acme.framework.components.database.DatabaseManager@main] Creating batch for transaction 7d5e6830-1954-4268-9931-32539deae429. 
2023-02-05 17:12:26.435 DEBUG [acme.framework.components.database.DatabaseManager@main] Adding 'set foreign_key_checks=0; ' to batch in transaction 7d5e6830-1954-4268-9931-32539deae429. 
2023-02-05 17:12:26.435 DEBUG [acme.framework.components.database.DatabaseManager@main] Adding 'create table administrator (id integer not null, version integer not null, user_account_id integer, primary key (id)) engine=InnoDB' to batch in transaction 7d5e6830-1954-4268-9931-32539deae429. 
2023-02-05 17:12:26.435 DEBUG [acme.framework.components.database.DatabaseManager@main] Adding 'create table anonymous (id integer not null, version integer not null, user_account_id integer, primary key (id)) engine=InnoDB' to batch in transaction 7d5e6830-1954-4268-9931-32539deae429. 
2023-02-05 17:12:26.435 DEBUG [acme.framework.components.database.DatabaseManager@main] Adding 'create table any (id integer not null, version integer not null, user_account_id integer, primary key (id)) engine=InnoDB' to batch in transaction 7d5e6830-1954-4268-9931-32539deae429. 
2023-02-05 17:12:26.435 DEBUG [acme.framework.components.database.DatabaseManager@main] Adding 'create table authenticated (id integer not null, version integer not null, user_account_id integer, primary key (id)) engine=InnoDB' to batch in transaction 7d5e6830-1954-4268-9931-32539deae429. 
2023-02-05 17:12:26.435 DEBUG [acme.framework.components.database.DatabaseManager@main] Adding 'create table consumer (id integer not null, version integer not null, user_account_id integer, company varchar(255), sector varchar(255), primary key (id)) engine=InnoDB' to batch in transaction 7d5e6830-1954-4268-9931-32539deae429. 
2023-02-05 17:12:26.435 DEBUG [acme.framework.components.database.DatabaseManager@main] Adding 'create table hibernate_sequence (next_val bigint) engine=InnoDB' to batch in transaction 7d5e6830-1954-4268-9931-32539deae429. 
2023-02-05 17:12:26.435 DEBUG [acme.framework.components.database.DatabaseManager@main] Adding 'insert into hibernate_sequence values ( 1 )' to batch in transaction 7d5e6830-1954-4268-9931-32539deae429. 
2023-02-05 17:12:26.435 DEBUG [acme.framework.components.database.DatabaseManager@main] Adding 'create table provider (id integer not null, version integer not null, user_account_id integer, company varchar(255), sector varchar(255), primary key (id)) engine=InnoDB' to batch in transaction 7d5e6830-1954-4268-9931-32539deae429. 
2023-02-05 17:12:26.435 DEBUG [acme.framework.components.database.DatabaseManager@main] Adding 'create table user_account (id integer not null, version integer not null, enabled bit not null, identity blob, password varchar(255), username varchar(255), primary key (id)) engine=InnoDB' to batch in transaction 7d5e6830-1954-4268-9931-32539deae429. 
2023-02-05 17:12:26.435 DEBUG [acme.framework.components.database.DatabaseManager@main] Adding 'alter table user_account add constraint UK_castjbvpeeus0r8lbpehiu0e4 unique (username)' to batch in transaction 7d5e6830-1954-4268-9931-32539deae429. 
2023-02-05 17:12:26.435 DEBUG [acme.framework.components.database.DatabaseManager@main] Adding 'alter table administrator add constraint FK_2a5vcjo3stlfcwadosjfq49l1 foreign key (user_account_id) references user_account (id)' to batch in transaction 7d5e6830-1954-4268-9931-32539deae429. 
2023-02-05 17:12:26.435 DEBUG [acme.framework.components.database.DatabaseManager@main] Adding 'alter table anonymous add constraint FK_6lnbc6fo3om54vugoh8icg78m foreign key (user_account_id) references user_account (id)' to batch in transaction 7d5e6830-1954-4268-9931-32539deae429. 
2023-02-05 17:12:26.435 DEBUG [acme.framework.components.database.DatabaseManager@main] Adding 'alter table any add constraint FK_26yflnlk4xrrxtkiwkag1l7lf foreign key (user_account_id) references user_account (id)' to batch in transaction 7d5e6830-1954-4268-9931-32539deae429. 
2023-02-05 17:12:26.436 DEBUG [acme.framework.components.database.DatabaseManager@main] Adding 'alter table authenticated add constraint FK_h52w0f3wjoi68b63wv9vwon57 foreign key (user_account_id) references user_account (id)' to batch in transaction 7d5e6830-1954-4268-9931-32539deae429. 
2023-02-05 17:12:26.436 DEBUG [acme.framework.components.database.DatabaseManager@main] Adding 'alter table consumer add constraint FK_6cyha9f1wpj0dpbxrrjddrqed foreign key (user_account_id) references user_account (id)' to batch in transaction 7d5e6830-1954-4268-9931-32539deae429. 
2023-02-05 17:12:26.436 DEBUG [acme.framework.components.database.DatabaseManager@main] Adding 'alter table provider add constraint FK_b1gwnjqm6ggy9yuiqm0o4rlmd foreign key (user_account_id) references user_account (id)' to batch in transaction 7d5e6830-1954-4268-9931-32539deae429. 
2023-02-05 17:12:26.436 DEBUG [acme.framework.components.database.DatabaseManager@main] Adding 'set foreign_key_checks=1; ' to batch in transaction 7d5e6830-1954-4268-9931-32539deae429. 
2023-02-05 17:12:26.436 DEBUG [acme.framework.components.database.DatabaseManager@main] Submitting batch in transaction 7d5e6830-1954-4268-9931-32539deae429. 
2023-02-05 17:12:26.609 DEBUG [acme.framework.components.database.DatabaseManager@main] Committing transaction 7d5e6830-1954-4268-9931-32539deae429. 
2023-02-05 17:12:26.610 INFO  [acme.framework.components.database.DatabasePopulator@main] Persisting your entities. 
2023-02-05 17:12:26.610 DEBUG [acme.framework.components.database.DatabaseManager@main] Starting transaction 9623229d-6307-478e-9744-8e24aa15ed30. 
2023-02-05 17:12:26.611 DEBUG [acme.framework.components.database.DatabasePopulator@main] Persisting entities of clazz 'acme.framework.components.accounts.UserAccount'. 
2023-02-05 17:12:26.612 DEBUG [acme.framework.components.database.DatabaseManager@main] Persisting entity 'acme.framework.components.accounts.UserAccount@0'. 
2023-02-05 17:12:26.622 DEBUG [org.hibernate.SQL@main] select next_val as id_val from hibernate_sequence for update 
2023-02-05 17:12:26.632 DEBUG [org.hibernate.SQL@main] update hibernate_sequence set next_val= ? where next_val=? 
2023-02-05 17:12:26.658 DEBUG [acme.framework.components.database.DatabaseManager@main] Persisting entity 'acme.framework.components.accounts.UserAccount@0'. 
2023-02-05 17:12:26.658 DEBUG [org.hibernate.SQL@main] select next_val as id_val from hibernate_sequence for update 
2023-02-05 17:12:26.659 DEBUG [org.hibernate.SQL@main] update hibernate_sequence set next_val= ? where next_val=? 
2023-02-05 17:12:26.661 DEBUG [acme.framework.components.database.DatabasePopulator@main] Persisting entities of clazz 'acme.framework.components.accounts.Administrator'. 
2023-02-05 17:12:26.661 DEBUG [acme.framework.components.database.DatabaseManager@main] Persisting entity 'acme.framework.components.accounts.Administrator@0'. 
2023-02-05 17:12:26.661 DEBUG [org.hibernate.SQL@main] select next_val as id_val from hibernate_sequence for update 
2023-02-05 17:12:26.662 DEBUG [org.hibernate.SQL@main] update hibernate_sequence set next_val= ? where next_val=? 
2023-02-05 17:12:26.664 DEBUG [acme.framework.components.database.DatabasePopulator@main] Persisting entities of clazz 'acme.framework.components.accounts.Anonymous'. 
2023-02-05 17:12:26.664 DEBUG [acme.framework.components.database.DatabaseManager@main] Persisting entity 'acme.framework.components.accounts.Anonymous@0'. 
2023-02-05 17:12:26.665 DEBUG [org.hibernate.SQL@main] select next_val as id_val from hibernate_sequence for update 
2023-02-05 17:12:26.665 DEBUG [org.hibernate.SQL@main] update hibernate_sequence set next_val= ? where next_val=? 
2023-02-05 17:12:26.667 DEBUG [acme.framework.components.database.DatabasePopulator@main] Persisting entities of clazz 'acme.roles.Provider'. 
2023-02-05 17:12:26.667 DEBUG [acme.framework.components.database.DatabaseManager@main] Persisting entity 'acme.roles.Provider@0'. 
2023-02-05 17:12:26.668 DEBUG [org.hibernate.SQL@main] select next_val as id_val from hibernate_sequence for update 
2023-02-05 17:12:26.668 DEBUG [org.hibernate.SQL@main] update hibernate_sequence set next_val= ? where next_val=? 
2023-02-05 17:12:26.670 DEBUG [acme.framework.components.database.DatabasePopulator@main] Persisting entities of clazz 'acme.roles.Consumer'. 
2023-02-05 17:12:26.670 DEBUG [acme.framework.components.database.DatabaseManager@main] Persisting entity 'acme.roles.Consumer@0'. 
2023-02-05 17:12:26.671 DEBUG [org.hibernate.SQL@main] select next_val as id_val from hibernate_sequence for update 
2023-02-05 17:12:26.671 DEBUG [org.hibernate.SQL@main] update hibernate_sequence set next_val= ? where next_val=? 
2023-02-05 17:12:26.673 DEBUG [acme.framework.components.database.DatabaseManager@main] Committing transaction 9623229d-6307-478e-9744-8e24aa15ed30. 
2023-02-05 17:12:26.694 DEBUG [org.hibernate.SQL@main] insert into user_account (version, enabled, identity, password, username, id) values (?, ?, ?, ?, ?, ?) 
2023-02-05 17:12:26.698 TRACE [org.hibernate.type.descriptor.sql.BasicBinder@main] binding parameter [1] as [INTEGER] - [0] 
2023-02-05 17:12:26.699 TRACE [org.hibernate.type.descriptor.sql.BasicBinder@main] binding parameter [2] as [BOOLEAN] - [false] 
2023-02-05 17:12:26.699 TRACE [org.hibernate.type.descriptor.sql.BasicBinder@main] binding parameter [3] as [BLOB] - [DefaultUserIdentity(name=John, surname=Doe, email=john.doe@acme.com)] 
2023-02-05 17:12:26.701 TRACE [org.hibernate.type.descriptor.sql.BasicBinder@main] binding parameter [4] as [VARCHAR] - [$2a$05$lXS7e.gy64JGRXxaXeup5O6vrSSnJN9l6FyKKL2ZdHavvfHleKXSi] 
2023-02-05 17:12:26.701 TRACE [org.hibernate.type.descriptor.sql.BasicBinder@main] binding parameter [5] as [VARCHAR] - [anonymous] 
2023-02-05 17:12:26.701 TRACE [org.hibernate.type.descriptor.sql.BasicBinder@main] binding parameter [6] as [INTEGER] - [1] 
2023-02-05 17:12:26.705 DEBUG [org.hibernate.SQL@main] insert into user_account (version, enabled, identity, password, username, id) values (?, ?, ?, ?, ?, ?) 
2023-02-05 17:12:26.706 TRACE [org.hibernate.type.descriptor.sql.BasicBinder@main] binding parameter [1] as [INTEGER] - [0] 
2023-02-05 17:12:26.706 TRACE [org.hibernate.type.descriptor.sql.BasicBinder@main] binding parameter [2] as [BOOLEAN] - [true] 
2023-02-05 17:12:26.706 TRACE [org.hibernate.type.descriptor.sql.BasicBinder@main] binding parameter [3] as [BLOB] - [DefaultUserIdentity(name=Administrator, surname=Acme, email=administrator@acme.com)] 
2023-02-05 17:12:26.706 TRACE [org.hibernate.type.descriptor.sql.BasicBinder@main] binding parameter [4] as [VARCHAR] - [$2a$05$bQZYlc1hplCOVDSW9zrPSulalm19csLTXqP6GlUq/mg2Hg4i3gjSK] 
2023-02-05 17:12:26.706 TRACE [org.hibernate.type.descriptor.sql.BasicBinder@main] binding parameter [5] as [VARCHAR] - [administrator] 
2023-02-05 17:12:26.706 TRACE [org.hibernate.type.descriptor.sql.BasicBinder@main] binding parameter [6] as [INTEGER] - [2] 
2023-02-05 17:12:26.707 DEBUG [org.hibernate.SQL@main] insert into administrator (version, user_account_id, id) values (?, ?, ?) 
2023-02-05 17:12:26.707 TRACE [org.hibernate.type.descriptor.sql.BasicBinder@main] binding parameter [1] as [INTEGER] - [0] 
2023-02-05 17:12:26.707 TRACE [org.hibernate.type.descriptor.sql.BasicBinder@main] binding parameter [2] as [INTEGER] - [2] 
2023-02-05 17:12:26.707 TRACE [org.hibernate.type.descriptor.sql.BasicBinder@main] binding parameter [3] as [INTEGER] - [3] 
2023-02-05 17:12:26.708 DEBUG [org.hibernate.SQL@main] insert into anonymous (version, user_account_id, id) values (?, ?, ?) 
2023-02-05 17:12:26.709 TRACE [org.hibernate.type.descriptor.sql.BasicBinder@main] binding parameter [1] as [INTEGER] - [0] 
2023-02-05 17:12:26.709 TRACE [org.hibernate.type.descriptor.sql.BasicBinder@main] binding parameter [2] as [INTEGER] - [1] 
2023-02-05 17:12:26.709 TRACE [org.hibernate.type.descriptor.sql.BasicBinder@main] binding parameter [3] as [INTEGER] - [4] 
2023-02-05 17:12:26.710 DEBUG [org.hibernate.SQL@main] insert into provider (version, user_account_id, company, sector, id) values (?, ?, ?, ?, ?) 
2023-02-05 17:12:26.710 TRACE [org.hibernate.type.descriptor.sql.BasicBinder@main] binding parameter [1] as [INTEGER] - [0] 
2023-02-05 17:12:26.710 TRACE [org.hibernate.type.descriptor.sql.BasicBinder@main] binding parameter [2] as [INTEGER] - [2] 
2023-02-05 17:12:26.711 TRACE [org.hibernate.type.descriptor.sql.BasicBinder@main] binding parameter [3] as [VARCHAR] - [Terra Nets, S.A.] 
2023-02-05 17:12:26.711 TRACE [org.hibernate.type.descriptor.sql.BasicBinder@main] binding parameter [4] as [VARCHAR] - [Internet] 
2023-02-05 17:12:26.711 TRACE [org.hibernate.type.descriptor.sql.BasicBinder@main] binding parameter [5] as [INTEGER] - [5] 
2023-02-05 17:12:26.712 DEBUG [org.hibernate.SQL@main] insert into consumer (version, user_account_id, company, sector, id) values (?, ?, ?, ?, ?) 
2023-02-05 17:12:26.712 TRACE [org.hibernate.type.descriptor.sql.BasicBinder@main] binding parameter [1] as [INTEGER] - [0] 
2023-02-05 17:12:26.712 TRACE [org.hibernate.type.descriptor.sql.BasicBinder@main] binding parameter [2] as [INTEGER] - [2] 
2023-02-05 17:12:26.712 TRACE [org.hibernate.type.descriptor.sql.BasicBinder@main] binding parameter [3] as [VARCHAR] - [Macarena, Inc.] 
2023-02-05 17:12:26.713 TRACE [org.hibernate.type.descriptor.sql.BasicBinder@main] binding parameter [4] as [VARCHAR] - [Telecommunications] 
2023-02-05 17:12:26.713 TRACE [org.hibernate.type.descriptor.sql.BasicBinder@main] binding parameter [5] as [INTEGER] - [6] 
2023-02-05 17:12:27.855 INFO  [acme.framework.configuration.ShutdownConfiguration@main] The system is shutting down... 
2023-02-05 17:12:27.867 DEBUG [acme.Launcher@main] Exiting application with status 0 
