2023-02-09 10:57:21.717 INFO  [acme.Launcher@main] Starting Launcher using Java 1.8.0_341 on LAPTOP-7F2TKBA5 with PID 36356 (C:\Users\Yvans\OneDrive\Escritorio\Universidad\Tercero\DP2\Workspace-23\Frameworks\Acme-Framework-23.1.0\target\classes started by Yvan in C:\Users\Yvans\OneDrive\Escritorio\Universidad\Tercero\DP2\Workspace-23\Starters\Hello-World-23.1.0) 
2023-02-09 10:57:21.718 DEBUG [acme.Launcher@main] Running with Spring Boot v2.4.2, Spring v5.3.3 
2023-02-09 10:57:21.720 INFO  [acme.Launcher@main] The following profiles are active: development,runner 
2023-02-09 10:57:25.328 DEBUG [org.apache.jasper.servlet.JasperInitializer@main] Initializing Jasper for context [application] 
2023-02-09 10:57:31.296 DEBUG [org.apache.jasper.servlet.JspServlet@main] Scratch dir for the JSP engine is: [C:\Users\Yvans\AppData\Local\Temp\tomcat.8080.5246064126147552889\work\Tomcat\localhost\hello-world-23.1.0] 
2023-02-09 10:57:31.297 DEBUG [org.apache.jasper.servlet.JspServlet@main] IMPORTANT: Do not modify the generated servlets 
2023-02-09 10:57:31.314 INFO  [acme.Launcher@main] Started Launcher in 10.737 seconds (JVM running for 12.05) 
2023-02-09 10:57:31.323 DEBUG [acme.Launcher@main] Found classpath entry '/C:/Users/Yvans/OneDrive/Escritorio/Universidad/Tercero/DP2/Workspace-23/Starters/Hello-World-23.1.0/target/test-classes/' 
2023-02-09 10:57:31.324 DEBUG [acme.Launcher@main] Found classpath entry '/C:/Users/Yvans/OneDrive/Escritorio/Universidad/Tercero/DP2/Workspace-23/Starters/Hello-World-23.1.0/target/classes/' 
2023-02-09 10:57:31.324 DEBUG [acme.Launcher@main] Found classpath entry '/C:/Users/Yvans/OneDrive/Escritorio/Universidad/Tercero/DP2/Workspace-23/Frameworks/Acme-Framework-23.1.0/target/classes/' 
2023-02-09 10:57:31.324 DEBUG [acme.Launcher@main] Found classpath entry '/C:/Users/Yvans/OneDrive/Escritorio/Universidad/Tercero/DP2/Workspace-23/Frameworks/Acme-Framework-23.1.0/target/test-classes/' 
2023-02-09 10:57:31.325 DEBUG [acme.Launcher@main] Found classpath entry '/C:/Users/Yvans/.m2/repository/org/springframework/boot/spring-boot-starter-tomcat/2.4.2/spring-boot-starter-tomcat-2.4.2.jar' 
2023-02-09 10:57:31.325 DEBUG [acme.Launcher@main] Found classpath entry '/C:/Users/Yvans/.m2/repository/jakarta/annotation/jakarta.annotation-api/1.3.5/jakarta.annotation-api-1.3.5.jar' 
2023-02-09 10:57:31.325 DEBUG [acme.Launcher@main] Found classpath entry '/C:/Users/Yvans/.m2/repository/org/apache/tomcat/embed/tomcat-embed-core/9.0.41/tomcat-embed-core-9.0.41.jar' 
2023-02-09 10:57:31.325 DEBUG [acme.Launcher@main] Found classpath entry '/C:/Users/Yvans/.m2/repository/org/glassfish/jakarta.el/3.0.3/jakarta.el-3.0.3.jar' 
2023-02-09 10:57:31.325 DEBUG [acme.Launcher@main] Found classpath entry '/C:/Users/Yvans/.m2/repository/org/apache/tomcat/embed/tomcat-embed-websocket/9.0.41/tomcat-embed-websocket-9.0.41.jar' 
2023-02-09 10:57:31.326 DEBUG [acme.Launcher@main] Found classpath entry '/C:/Users/Yvans/.m2/repository/org/apache/tomcat/embed/tomcat-embed-jasper/9.0.41/tomcat-embed-jasper-9.0.41.jar' 
2023-02-09 10:57:31.326 DEBUG [acme.Launcher@main] Found classpath entry '/C:/Users/Yvans/.m2/repository/org/apache/tomcat/embed/tomcat-embed-el/9.0.41/tomcat-embed-el-9.0.41.jar' 
2023-02-09 10:57:31.326 DEBUG [acme.Launcher@main] Found classpath entry '/C:/Users/Yvans/.m2/repository/org/eclipse/jdt/ecj/3.18.0/ecj-3.18.0.jar' 
2023-02-09 10:57:31.327 DEBUG [acme.Launcher@main] Found classpath entry '/C:/Users/Yvans/.m2/repository/javax/servlet/jstl/1.2/jstl-1.2.jar' 
2023-02-09 10:57:31.327 DEBUG [acme.Launcher@main] Found classpath entry '/C:/Users/Yvans/.m2/repository/org/springframework/boot/spring-boot-starter-security/2.4.2/spring-boot-starter-security-2.4.2.jar' 
2023-02-09 10:57:31.327 DEBUG [acme.Launcher@main] Found classpath entry '/C:/Users/Yvans/.m2/repository/org/springframework/boot/spring-boot-starter/2.4.2/spring-boot-starter-2.4.2.jar' 
2023-02-09 10:57:31.327 DEBUG [acme.Launcher@main] Found classpath entry '/C:/Users/Yvans/.m2/repository/org/springframework/boot/spring-boot/2.4.2/spring-boot-2.4.2.jar' 
2023-02-09 10:57:31.328 DEBUG [acme.Launcher@main] Found classpath entry '/C:/Users/Yvans/.m2/repository/org/springframework/boot/spring-boot-autoconfigure/2.4.2/spring-boot-autoconfigure-2.4.2.jar' 
2023-02-09 10:57:31.328 DEBUG [acme.Launcher@main] Found classpath entry '/C:/Users/Yvans/.m2/repository/org/springframework/boot/spring-boot-starter-logging/2.4.2/spring-boot-starter-logging-2.4.2.jar' 
2023-02-09 10:57:31.328 DEBUG [acme.Launcher@main] Found classpath entry '/C:/Users/Yvans/.m2/repository/ch/qos/logback/logback-classic/1.2.3/logback-classic-1.2.3.jar' 
2023-02-09 10:57:31.329 DEBUG [acme.Launcher@main] Found classpath entry '/C:/Users/Yvans/.m2/repository/ch/qos/logback/logback-core/1.2.3/logback-core-1.2.3.jar' 
2023-02-09 10:57:31.329 DEBUG [acme.Launcher@main] Found classpath entry '/C:/Users/Yvans/.m2/repository/org/apache/logging/log4j/log4j-to-slf4j/2.13.3/log4j-to-slf4j-2.13.3.jar' 
2023-02-09 10:57:31.329 DEBUG [acme.Launcher@main] Found classpath entry '/C:/Users/Yvans/.m2/repository/org/apache/logging/log4j/log4j-api/2.13.3/log4j-api-2.13.3.jar' 
2023-02-09 10:57:31.329 DEBUG [acme.Launcher@main] Found classpath entry '/C:/Users/Yvans/.m2/repository/org/slf4j/jul-to-slf4j/1.7.30/jul-to-slf4j-1.7.30.jar' 
2023-02-09 10:57:31.330 DEBUG [acme.Launcher@main] Found classpath entry '/C:/Users/Yvans/.m2/repository/org/yaml/snakeyaml/1.27/snakeyaml-1.27.jar' 
2023-02-09 10:57:31.330 DEBUG [acme.Launcher@main] Found classpath entry '/C:/Users/Yvans/.m2/repository/org/springframework/spring-aop/5.3.3/spring-aop-5.3.3.jar' 
2023-02-09 10:57:31.330 DEBUG [acme.Launcher@main] Found classpath entry '/C:/Users/Yvans/.m2/repository/org/springframework/security/spring-security-web/5.4.2/spring-security-web-5.4.2.jar' 
2023-02-09 10:57:31.330 DEBUG [acme.Launcher@main] Found classpath entry '/C:/Users/Yvans/.m2/repository/org/springframework/security/spring-security-core/5.4.2/spring-security-core-5.4.2.jar' 
2023-02-09 10:57:31.331 DEBUG [acme.Launcher@main] Found classpath entry '/C:/Users/Yvans/.m2/repository/org/springframework/spring-beans/5.3.3/spring-beans-5.3.3.jar' 
2023-02-09 10:57:31.331 DEBUG [acme.Launcher@main] Found classpath entry '/C:/Users/Yvans/.m2/repository/org/springframework/spring-context/5.3.3/spring-context-5.3.3.jar' 
2023-02-09 10:57:31.331 DEBUG [acme.Launcher@main] Found classpath entry '/C:/Users/Yvans/.m2/repository/org/springframework/spring-core/5.3.3/spring-core-5.3.3.jar' 
2023-02-09 10:57:31.331 DEBUG [acme.Launcher@main] Found classpath entry '/C:/Users/Yvans/.m2/repository/org/springframework/spring-jcl/5.3.3/spring-jcl-5.3.3.jar' 
2023-02-09 10:57:31.331 DEBUG [acme.Launcher@main] Found classpath entry '/C:/Users/Yvans/.m2/repository/org/springframework/spring-expression/5.3.3/spring-expression-5.3.3.jar' 
2023-02-09 10:57:31.332 DEBUG [acme.Launcher@main] Found classpath entry '/C:/Users/Yvans/.m2/repository/org/springframework/spring-web/5.3.3/spring-web-5.3.3.jar' 
2023-02-09 10:57:31.332 DEBUG [acme.Launcher@main] Found classpath entry '/C:/Users/Yvans/.m2/repository/org/springframework/security/spring-security-config/5.4.2/spring-security-config-5.4.2.jar' 
2023-02-09 10:57:31.333 DEBUG [acme.Launcher@main] Found classpath entry '/C:/Users/Yvans/.m2/repository/org/springframework/security/spring-security-taglibs/5.4.2/spring-security-taglibs-5.4.2.jar' 
2023-02-09 10:57:31.333 DEBUG [acme.Launcher@main] Found classpath entry '/C:/Users/Yvans/.m2/repository/org/springframework/security/spring-security-acl/5.4.2/spring-security-acl-5.4.2.jar' 
2023-02-09 10:57:31.333 DEBUG [acme.Launcher@main] Found classpath entry '/C:/Users/Yvans/.m2/repository/org/springframework/spring-jdbc/5.3.3/spring-jdbc-5.3.3.jar' 
2023-02-09 10:57:31.333 DEBUG [acme.Launcher@main] Found classpath entry '/C:/Users/Yvans/.m2/repository/org/springframework/spring-tx/5.3.3/spring-tx-5.3.3.jar' 
2023-02-09 10:57:31.334 DEBUG [acme.Launcher@main] Found classpath entry '/C:/Users/Yvans/.m2/repository/org/springframework/boot/spring-boot-starter-web/2.4.2/spring-boot-starter-web-2.4.2.jar' 
2023-02-09 10:57:31.334 DEBUG [acme.Launcher@main] Found classpath entry '/C:/Users/Yvans/.m2/repository/org/springframework/boot/spring-boot-starter-json/2.4.2/spring-boot-starter-json-2.4.2.jar' 
2023-02-09 10:57:31.334 DEBUG [acme.Launcher@main] Found classpath entry '/C:/Users/Yvans/.m2/repository/com/fasterxml/jackson/core/jackson-databind/2.11.4/jackson-databind-2.11.4.jar' 
2023-02-09 10:57:31.334 DEBUG [acme.Launcher@main] Found classpath entry '/C:/Users/Yvans/.m2/repository/com/fasterxml/jackson/core/jackson-annotations/2.11.4/jackson-annotations-2.11.4.jar' 
2023-02-09 10:57:31.334 DEBUG [acme.Launcher@main] Found classpath entry '/C:/Users/Yvans/.m2/repository/com/fasterxml/jackson/core/jackson-core/2.11.4/jackson-core-2.11.4.jar' 
2023-02-09 10:57:31.335 DEBUG [acme.Launcher@main] Found classpath entry '/C:/Users/Yvans/.m2/repository/com/fasterxml/jackson/datatype/jackson-datatype-jdk8/2.11.4/jackson-datatype-jdk8-2.11.4.jar' 
2023-02-09 10:57:31.335 DEBUG [acme.Launcher@main] Found classpath entry '/C:/Users/Yvans/.m2/repository/com/fasterxml/jackson/datatype/jackson-datatype-jsr310/2.11.4/jackson-datatype-jsr310-2.11.4.jar' 
2023-02-09 10:57:31.335 DEBUG [acme.Launcher@main] Found classpath entry '/C:/Users/Yvans/.m2/repository/com/fasterxml/jackson/module/jackson-module-parameter-names/2.11.4/jackson-module-parameter-names-2.11.4.jar' 
2023-02-09 10:57:31.335 DEBUG [acme.Launcher@main] Found classpath entry '/C:/Users/Yvans/.m2/repository/org/springframework/spring-webmvc/5.3.3/spring-webmvc-5.3.3.jar' 
2023-02-09 10:57:31.335 DEBUG [acme.Launcher@main] Found classpath entry '/C:/Users/Yvans/.m2/repository/org/apache/tiles/tiles-jsp/3.0.8/tiles-jsp-3.0.8.jar' 
2023-02-09 10:57:31.335 DEBUG [acme.Launcher@main] Found classpath entry '/C:/Users/Yvans/.m2/repository/org/apache/tiles/tiles-servlet/3.0.8/tiles-servlet-3.0.8.jar' 
2023-02-09 10:57:31.336 DEBUG [acme.Launcher@main] Found classpath entry '/C:/Users/Yvans/.m2/repository/org/apache/tiles/tiles-core/3.0.8/tiles-core-3.0.8.jar' 
2023-02-09 10:57:31.336 DEBUG [acme.Launcher@main] Found classpath entry '/C:/Users/Yvans/.m2/repository/commons-digester/commons-digester/2.0/commons-digester-2.0.jar' 
2023-02-09 10:57:31.336 DEBUG [acme.Launcher@main] Found classpath entry '/C:/Users/Yvans/.m2/repository/org/slf4j/jcl-over-slf4j/1.7.30/jcl-over-slf4j-1.7.30.jar' 
2023-02-09 10:57:31.336 DEBUG [acme.Launcher@main] Found classpath entry '/C:/Users/Yvans/.m2/repository/org/apache/tiles/tiles-request-servlet/1.0.7/tiles-request-servlet-1.0.7.jar' 
2023-02-09 10:57:31.336 DEBUG [acme.Launcher@main] Found classpath entry '/C:/Users/Yvans/.m2/repository/org/apache/tiles/tiles-template/3.0.8/tiles-template-3.0.8.jar' 
2023-02-09 10:57:31.337 DEBUG [acme.Launcher@main] Found classpath entry '/C:/Users/Yvans/.m2/repository/org/apache/tiles/tiles-api/3.0.8/tiles-api-3.0.8.jar' 
2023-02-09 10:57:31.337 DEBUG [acme.Launcher@main] Found classpath entry '/C:/Users/Yvans/.m2/repository/org/apache/tiles/tiles-autotag-core-runtime/1.2/tiles-autotag-core-runtime-1.2.jar' 
2023-02-09 10:57:31.337 DEBUG [acme.Launcher@main] Found classpath entry '/C:/Users/Yvans/.m2/repository/org/slf4j/slf4j-api/1.7.30/slf4j-api-1.7.30.jar' 
2023-02-09 10:57:31.338 DEBUG [acme.Launcher@main] Found classpath entry '/C:/Users/Yvans/.m2/repository/org/apache/tiles/tiles-request-jsp/1.0.7/tiles-request-jsp-1.0.7.jar' 
2023-02-09 10:57:31.338 DEBUG [acme.Launcher@main] Found classpath entry '/C:/Users/Yvans/.m2/repository/org/apache/tiles/tiles-request-api/1.0.7/tiles-request-api-1.0.7.jar' 
2023-02-09 10:57:31.338 DEBUG [acme.Launcher@main] Found classpath entry '/C:/Users/Yvans/.m2/repository/org/springframework/boot/spring-boot-starter-data-jpa/2.4.2/spring-boot-starter-data-jpa-2.4.2.jar' 
2023-02-09 10:57:31.338 DEBUG [acme.Launcher@main] Found classpath entry '/C:/Users/Yvans/.m2/repository/org/springframework/boot/spring-boot-starter-aop/2.4.2/spring-boot-starter-aop-2.4.2.jar' 
2023-02-09 10:57:31.338 DEBUG [acme.Launcher@main] Found classpath entry '/C:/Users/Yvans/.m2/repository/org/aspectj/aspectjweaver/1.9.6/aspectjweaver-1.9.6.jar' 
2023-02-09 10:57:31.338 DEBUG [acme.Launcher@main] Found classpath entry '/C:/Users/Yvans/.m2/repository/org/springframework/boot/spring-boot-starter-jdbc/2.4.2/spring-boot-starter-jdbc-2.4.2.jar' 
2023-02-09 10:57:31.338 DEBUG [acme.Launcher@main] Found classpath entry '/C:/Users/Yvans/.m2/repository/jakarta/transaction/jakarta.transaction-api/1.3.3/jakarta.transaction-api-1.3.3.jar' 
2023-02-09 10:57:31.339 DEBUG [acme.Launcher@main] Found classpath entry '/C:/Users/Yvans/.m2/repository/jakarta/persistence/jakarta.persistence-api/2.2.3/jakarta.persistence-api-2.2.3.jar' 
2023-02-09 10:57:31.339 DEBUG [acme.Launcher@main] Found classpath entry '/C:/Users/Yvans/.m2/repository/org/hibernate/hibernate-core/5.4.27.Final/hibernate-core-5.4.27.Final.jar' 
2023-02-09 10:57:31.339 DEBUG [acme.Launcher@main] Found classpath entry '/C:/Users/Yvans/.m2/repository/org/jboss/logging/jboss-logging/3.4.1.Final/jboss-logging-3.4.1.Final.jar' 
2023-02-09 10:57:31.340 DEBUG [acme.Launcher@main] Found classpath entry '/C:/Users/Yvans/.m2/repository/org/javassist/javassist/3.27.0-GA/javassist-3.27.0-GA.jar' 
2023-02-09 10:57:31.340 DEBUG [acme.Launcher@main] Found classpath entry '/C:/Users/Yvans/.m2/repository/antlr/antlr/2.7.7/antlr-2.7.7.jar' 
2023-02-09 10:57:31.340 DEBUG [acme.Launcher@main] Found classpath entry '/C:/Users/Yvans/.m2/repository/org/jboss/jandex/2.1.3.Final/jandex-2.1.3.Final.jar' 
2023-02-09 10:57:31.340 DEBUG [acme.Launcher@main] Found classpath entry '/C:/Users/Yvans/.m2/repository/com/fasterxml/classmate/1.5.1/classmate-1.5.1.jar' 
2023-02-09 10:57:31.340 DEBUG [acme.Launcher@main] Found classpath entry '/C:/Users/Yvans/.m2/repository/org/dom4j/dom4j/2.1.3/dom4j-2.1.3.jar' 
2023-02-09 10:57:31.340 DEBUG [acme.Launcher@main] Found classpath entry '/C:/Users/Yvans/.m2/repository/org/hibernate/common/hibernate-commons-annotations/5.1.2.Final/hibernate-commons-annotations-5.1.2.Final.jar' 
2023-02-09 10:57:31.340 DEBUG [acme.Launcher@main] Found classpath entry '/C:/Users/Yvans/.m2/repository/org/glassfish/jaxb/jaxb-runtime/2.3.3/jaxb-runtime-2.3.3.jar' 
2023-02-09 10:57:31.340 DEBUG [acme.Launcher@main] Found classpath entry '/C:/Users/Yvans/.m2/repository/org/glassfish/jaxb/txw2/2.3.3/txw2-2.3.3.jar' 
2023-02-09 10:57:31.341 DEBUG [acme.Launcher@main] Found classpath entry '/C:/Users/Yvans/.m2/repository/com/sun/istack/istack-commons-runtime/3.0.11/istack-commons-runtime-3.0.11.jar' 
2023-02-09 10:57:31.341 DEBUG [acme.Launcher@main] Found classpath entry '/C:/Users/Yvans/.m2/repository/com/sun/activation/jakarta.activation/1.2.2/jakarta.activation-1.2.2.jar' 
2023-02-09 10:57:31.341 DEBUG [acme.Launcher@main] Found classpath entry '/C:/Users/Yvans/.m2/repository/org/springframework/data/spring-data-jpa/2.4.3/spring-data-jpa-2.4.3.jar' 
2023-02-09 10:57:31.341 DEBUG [acme.Launcher@main] Found classpath entry '/C:/Users/Yvans/.m2/repository/org/springframework/data/spring-data-commons/2.4.3/spring-data-commons-2.4.3.jar' 
2023-02-09 10:57:31.341 DEBUG [acme.Launcher@main] Found classpath entry '/C:/Users/Yvans/.m2/repository/org/springframework/spring-orm/5.3.3/spring-orm-5.3.3.jar' 
2023-02-09 10:57:31.341 DEBUG [acme.Launcher@main] Found classpath entry '/C:/Users/Yvans/.m2/repository/org/springframework/spring-aspects/5.3.3/spring-aspects-5.3.3.jar' 
2023-02-09 10:57:31.341 DEBUG [acme.Launcher@main] Found classpath entry '/C:/Users/Yvans/.m2/repository/org/springframework/boot/spring-boot-starter-validation/2.4.2/spring-boot-starter-validation-2.4.2.jar' 
2023-02-09 10:57:31.341 DEBUG [acme.Launcher@main] Found classpath entry '/C:/Users/Yvans/.m2/repository/org/hibernate/validator/hibernate-validator/6.1.7.Final/hibernate-validator-6.1.7.Final.jar' 
2023-02-09 10:57:31.342 DEBUG [acme.Launcher@main] Found classpath entry '/C:/Users/Yvans/.m2/repository/jakarta/validation/jakarta.validation-api/2.0.2/jakarta.validation-api-2.0.2.jar' 
2023-02-09 10:57:31.342 DEBUG [acme.Launcher@main] Found classpath entry '/C:/Users/Yvans/.m2/repository/mysql/mysql-connector-java/8.0.22/mysql-connector-java-8.0.22.jar' 
2023-02-09 10:57:31.342 DEBUG [acme.Launcher@main] Found classpath entry '/C:/Users/Yvans/.m2/repository/com/zaxxer/HikariCP/3.4.5/HikariCP-3.4.5.jar' 
2023-02-09 10:57:31.342 DEBUG [acme.Launcher@main] Found classpath entry '/C:/Users/Yvans/.m2/repository/org/springframework/boot/spring-boot-starter-test/2.4.2/spring-boot-starter-test-2.4.2.jar' 
2023-02-09 10:57:31.343 DEBUG [acme.Launcher@main] Found classpath entry '/C:/Users/Yvans/.m2/repository/org/springframework/boot/spring-boot-test/2.4.2/spring-boot-test-2.4.2.jar' 
2023-02-09 10:57:31.343 DEBUG [acme.Launcher@main] Found classpath entry '/C:/Users/Yvans/.m2/repository/org/springframework/boot/spring-boot-test-autoconfigure/2.4.2/spring-boot-test-autoconfigure-2.4.2.jar' 
2023-02-09 10:57:31.343 DEBUG [acme.Launcher@main] Found classpath entry '/C:/Users/Yvans/.m2/repository/com/jayway/jsonpath/json-path/2.4.0/json-path-2.4.0.jar' 
2023-02-09 10:57:31.343 DEBUG [acme.Launcher@main] Found classpath entry '/C:/Users/Yvans/.m2/repository/net/minidev/json-smart/2.3/json-smart-2.3.jar' 
2023-02-09 10:57:31.343 DEBUG [acme.Launcher@main] Found classpath entry '/C:/Users/Yvans/.m2/repository/net/minidev/accessors-smart/1.2/accessors-smart-1.2.jar' 
2023-02-09 10:57:31.343 DEBUG [acme.Launcher@main] Found classpath entry '/C:/Users/Yvans/.m2/repository/org/ow2/asm/asm/5.0.4/asm-5.0.4.jar' 
2023-02-09 10:57:31.343 DEBUG [acme.Launcher@main] Found classpath entry '/C:/Users/Yvans/.m2/repository/jakarta/xml/bind/jakarta.xml.bind-api/2.3.3/jakarta.xml.bind-api-2.3.3.jar' 
2023-02-09 10:57:31.345 DEBUG [acme.Launcher@main] Found classpath entry '/C:/Users/Yvans/.m2/repository/jakarta/activation/jakarta.activation-api/1.2.2/jakarta.activation-api-1.2.2.jar' 
2023-02-09 10:57:31.345 DEBUG [acme.Launcher@main] Found classpath entry '/C:/Users/Yvans/.m2/repository/org/assertj/assertj-core/3.18.1/assertj-core-3.18.1.jar' 
2023-02-09 10:57:31.345 DEBUG [acme.Launcher@main] Found classpath entry '/C:/Users/Yvans/.m2/repository/org/hamcrest/hamcrest/2.2/hamcrest-2.2.jar' 
2023-02-09 10:57:31.345 DEBUG [acme.Launcher@main] Found classpath entry '/C:/Users/Yvans/.m2/repository/org/junit/jupiter/junit-jupiter/5.7.0/junit-jupiter-5.7.0.jar' 
2023-02-09 10:57:31.345 DEBUG [acme.Launcher@main] Found classpath entry '/C:/Users/Yvans/.m2/repository/org/mockito/mockito-core/3.6.28/mockito-core-3.6.28.jar' 
2023-02-09 10:57:31.345 DEBUG [acme.Launcher@main] Found classpath entry '/C:/Users/Yvans/.m2/repository/net/bytebuddy/byte-buddy-agent/1.10.19/byte-buddy-agent-1.10.19.jar' 
2023-02-09 10:57:31.346 DEBUG [acme.Launcher@main] Found classpath entry '/C:/Users/Yvans/.m2/repository/org/objenesis/objenesis/3.1/objenesis-3.1.jar' 
2023-02-09 10:57:31.346 DEBUG [acme.Launcher@main] Found classpath entry '/C:/Users/Yvans/.m2/repository/org/mockito/mockito-junit-jupiter/3.6.28/mockito-junit-jupiter-3.6.28.jar' 
2023-02-09 10:57:31.346 DEBUG [acme.Launcher@main] Found classpath entry '/C:/Users/Yvans/.m2/repository/org/skyscreamer/jsonassert/1.5.0/jsonassert-1.5.0.jar' 
2023-02-09 10:57:31.346 DEBUG [acme.Launcher@main] Found classpath entry '/C:/Users/Yvans/.m2/repository/com/vaadin/external/google/android-json/0.0.20131108.vaadin1/android-json-0.0.20131108.vaadin1.jar' 
2023-02-09 10:57:31.346 DEBUG [acme.Launcher@main] Found classpath entry '/C:/Users/Yvans/.m2/repository/org/springframework/spring-test/5.3.3/spring-test-5.3.3.jar' 
2023-02-09 10:57:31.347 DEBUG [acme.Launcher@main] Found classpath entry '/C:/Users/Yvans/.m2/repository/org/xmlunit/xmlunit-core/2.7.0/xmlunit-core-2.7.0.jar' 
2023-02-09 10:57:31.347 DEBUG [acme.Launcher@main] Found classpath entry '/C:/Users/Yvans/.m2/repository/org/junit/jupiter/junit-jupiter-engine/5.7.0/junit-jupiter-engine-5.7.0.jar' 
2023-02-09 10:57:31.347 DEBUG [acme.Launcher@main] Found classpath entry '/C:/Users/Yvans/.m2/repository/org/apiguardian/apiguardian-api/1.1.0/apiguardian-api-1.1.0.jar' 
2023-02-09 10:57:31.347 DEBUG [acme.Launcher@main] Found classpath entry '/C:/Users/Yvans/.m2/repository/org/junit/platform/junit-platform-engine/1.7.0/junit-platform-engine-1.7.0.jar' 
2023-02-09 10:57:31.347 DEBUG [acme.Launcher@main] Found classpath entry '/C:/Users/Yvans/.m2/repository/org/junit/jupiter/junit-jupiter-api/5.7.0/junit-jupiter-api-5.7.0.jar' 
2023-02-09 10:57:31.348 DEBUG [acme.Launcher@main] Found classpath entry '/C:/Users/Yvans/.m2/repository/org/opentest4j/opentest4j/1.2.0/opentest4j-1.2.0.jar' 
2023-02-09 10:57:31.348 DEBUG [acme.Launcher@main] Found classpath entry '/C:/Users/Yvans/.m2/repository/org/junit/platform/junit-platform-commons/1.7.0/junit-platform-commons-1.7.0.jar' 
2023-02-09 10:57:31.348 DEBUG [acme.Launcher@main] Found classpath entry '/C:/Users/Yvans/.m2/repository/org/junit/jupiter/junit-jupiter-params/5.7.0/junit-jupiter-params-5.7.0.jar' 
2023-02-09 10:57:31.348 DEBUG [acme.Launcher@main] Found classpath entry '/C:/Users/Yvans/.m2/repository/org/junit/platform/junit-platform-launcher/1.7.0/junit-platform-launcher-1.7.0.jar' 
2023-02-09 10:57:31.348 DEBUG [acme.Launcher@main] Found classpath entry '/C:/Users/Yvans/.m2/repository/org/seleniumhq/selenium/selenium-java/3.141.59/selenium-java-3.141.59.jar' 
2023-02-09 10:57:31.349 DEBUG [acme.Launcher@main] Found classpath entry '/C:/Users/Yvans/.m2/repository/org/seleniumhq/selenium/selenium-api/3.141.59/selenium-api-3.141.59.jar' 
2023-02-09 10:57:31.349 DEBUG [acme.Launcher@main] Found classpath entry '/C:/Users/Yvans/.m2/repository/org/seleniumhq/selenium/selenium-chrome-driver/3.141.59/selenium-chrome-driver-3.141.59.jar' 
2023-02-09 10:57:31.349 DEBUG [acme.Launcher@main] Found classpath entry '/C:/Users/Yvans/.m2/repository/org/seleniumhq/selenium/selenium-edge-driver/3.141.59/selenium-edge-driver-3.141.59.jar' 
2023-02-09 10:57:31.349 DEBUG [acme.Launcher@main] Found classpath entry '/C:/Users/Yvans/.m2/repository/org/seleniumhq/selenium/selenium-firefox-driver/3.141.59/selenium-firefox-driver-3.141.59.jar' 
2023-02-09 10:57:31.349 DEBUG [acme.Launcher@main] Found classpath entry '/C:/Users/Yvans/.m2/repository/org/seleniumhq/selenium/selenium-ie-driver/3.141.59/selenium-ie-driver-3.141.59.jar' 
2023-02-09 10:57:31.349 DEBUG [acme.Launcher@main] Found classpath entry '/C:/Users/Yvans/.m2/repository/org/seleniumhq/selenium/selenium-opera-driver/3.141.59/selenium-opera-driver-3.141.59.jar' 
2023-02-09 10:57:31.349 DEBUG [acme.Launcher@main] Found classpath entry '/C:/Users/Yvans/.m2/repository/org/seleniumhq/selenium/selenium-remote-driver/3.141.59/selenium-remote-driver-3.141.59.jar' 
2023-02-09 10:57:31.349 DEBUG [acme.Launcher@main] Found classpath entry '/C:/Users/Yvans/.m2/repository/org/seleniumhq/selenium/selenium-safari-driver/3.141.59/selenium-safari-driver-3.141.59.jar' 
2023-02-09 10:57:31.350 DEBUG [acme.Launcher@main] Found classpath entry '/C:/Users/Yvans/.m2/repository/org/seleniumhq/selenium/selenium-support/3.141.59/selenium-support-3.141.59.jar' 
2023-02-09 10:57:31.350 DEBUG [acme.Launcher@main] Found classpath entry '/C:/Users/Yvans/.m2/repository/net/bytebuddy/byte-buddy/1.10.19/byte-buddy-1.10.19.jar' 
2023-02-09 10:57:31.351 DEBUG [acme.Launcher@main] Found classpath entry '/C:/Users/Yvans/.m2/repository/org/apache/commons/commons-exec/1.3/commons-exec-1.3.jar' 
2023-02-09 10:57:31.351 DEBUG [acme.Launcher@main] Found classpath entry '/C:/Users/Yvans/.m2/repository/com/google/guava/guava/25.0-jre/guava-25.0-jre.jar' 
2023-02-09 10:57:31.351 DEBUG [acme.Launcher@main] Found classpath entry '/C:/Users/Yvans/.m2/repository/com/google/code/findbugs/jsr305/1.3.9/jsr305-1.3.9.jar' 
2023-02-09 10:57:31.351 DEBUG [acme.Launcher@main] Found classpath entry '/C:/Users/Yvans/.m2/repository/org/checkerframework/checker-compat-qual/2.0.0/checker-compat-qual-2.0.0.jar' 
2023-02-09 10:57:31.351 DEBUG [acme.Launcher@main] Found classpath entry '/C:/Users/Yvans/.m2/repository/com/google/errorprone/error_prone_annotations/2.1.3/error_prone_annotations-2.1.3.jar' 
2023-02-09 10:57:31.352 DEBUG [acme.Launcher@main] Found classpath entry '/C:/Users/Yvans/.m2/repository/com/google/j2objc/j2objc-annotations/1.1/j2objc-annotations-1.1.jar' 
2023-02-09 10:57:31.352 DEBUG [acme.Launcher@main] Found classpath entry '/C:/Users/Yvans/.m2/repository/org/codehaus/mojo/animal-sniffer-annotations/1.14/animal-sniffer-annotations-1.14.jar' 
2023-02-09 10:57:31.352 DEBUG [acme.Launcher@main] Found classpath entry '/C:/Users/Yvans/.m2/repository/com/squareup/okhttp3/okhttp/3.14.9/okhttp-3.14.9.jar' 
2023-02-09 10:57:31.352 DEBUG [acme.Launcher@main] Found classpath entry '/C:/Users/Yvans/.m2/repository/com/squareup/okio/okio/1.14.0/okio-1.14.0.jar' 
2023-02-09 10:57:31.352 DEBUG [acme.Launcher@main] Found classpath entry '/C:/Users/Yvans/.m2/repository/org/apache/commons/commons-lang3/3.11/commons-lang3-3.11.jar' 
2023-02-09 10:57:31.353 DEBUG [acme.Launcher@main] Found classpath entry '/C:/Users/Yvans/.m2/repository/org/apache/commons/commons-text/1.8/commons-text-1.8.jar' 
2023-02-09 10:57:31.353 DEBUG [acme.Launcher@main] Found classpath entry '/C:/Users/Yvans/.m2/repository/commons-io/commons-io/2.6/commons-io-2.6.jar' 
2023-02-09 10:57:31.353 DEBUG [acme.Launcher@main] Found classpath entry '/C:/Users/Yvans/.m2/repository/commons-cli/commons-cli/1.4/commons-cli-1.4.jar' 
2023-02-09 10:57:31.353 DEBUG [acme.Launcher@main] Found classpath entry '/C:/Users/Yvans/.m2/repository/org/projectlombok/lombok/1.18.16/lombok-1.18.16.jar' 
2023-02-09 10:57:31.353 DEBUG [acme.Launcher@main] Found classpath entry '/C:/Users/Yvans/.m2/repository/com/opencsv/opencsv/5.4/opencsv-5.4.jar' 
2023-02-09 10:57:31.353 DEBUG [acme.Launcher@main] Found classpath entry '/C:/Users/Yvans/.m2/repository/commons-beanutils/commons-beanutils/1.9.4/commons-beanutils-1.9.4.jar' 
2023-02-09 10:57:31.354 DEBUG [acme.Launcher@main] Found classpath entry '/C:/Users/Yvans/.m2/repository/commons-logging/commons-logging/1.2/commons-logging-1.2.jar' 
2023-02-09 10:57:31.354 DEBUG [acme.Launcher@main] Found classpath entry '/C:/Users/Yvans/.m2/repository/commons-collections/commons-collections/3.2.2/commons-collections-3.2.2.jar' 
2023-02-09 10:57:31.354 DEBUG [acme.Launcher@main] Found classpath entry '/C:/Users/Yvans/.m2/repository/org/apache/commons/commons-collections4/4.4/commons-collections4-4.4.jar' 
2023-02-09 10:57:31.354 DEBUG [acme.Launcher@main] Found classpath entry '/C:/Users/Yvans/OneDrive/Escritorio/Universidad/Tercero/DP2/Workspace-23/Tools/IDEs/eclipse-jee-2022-06/configuration/org.eclipse.osgi/407/0/.cp/lib/javaagent-shaded.jar' 
2023-02-09 10:57:31.460 DEBUG [acme.Launcher@main] Found entity class 'acme.roles.Consumer 
2023-02-09 10:57:31.460 DEBUG [acme.Launcher@main] Found entity class 'acme.roles.Provider 
2023-02-09 10:57:31.461 DEBUG [acme.Launcher@main] Found entity class 'acme.framework.components.accounts.Administrator 
2023-02-09 10:57:31.461 DEBUG [acme.Launcher@main] Found entity class 'acme.framework.components.accounts.Anonymous 
2023-02-09 10:57:31.461 DEBUG [acme.Launcher@main] Found entity class 'acme.framework.components.accounts.Any 
2023-02-09 10:57:31.461 DEBUG [acme.Launcher@main] Found entity class 'acme.framework.components.accounts.Authenticated 
2023-02-09 10:57:31.461 DEBUG [acme.Launcher@main] Found entity class 'acme.framework.components.accounts.UserAccount 
2023-02-09 10:57:31.468 DEBUG [acme.framework.components.clocks.AbstractClock@main] Changing base moment to 'Thu Feb 09 10:57:31 CET 2023'. 
2023-02-09 10:57:31.470 DEBUG [acme.framework.components.clocks.AbstractClock@main] Changing base moment to 'Sat Jul 30 00:00:00 CEST 2022'. 
2023-02-09 10:57:31.471 DEBUG [acme.framework.components.clocks.SimulatedClock@main] Changing current moment to 'Sat Jul 30 00:00:00 CEST 2022'. 
2023-02-09 10:57:31.471 INFO  [acme.Launcher@main] Running application (Standalone mode) 
2023-02-09 10:57:36.517 DEBUG [acme.framework.components.tiles.DynamicTilesView@http-nio-8080-exec-5] View name 'fragments/welcome', model {} 
2023-02-09 10:57:36.564 DEBUG [org.apache.tiles.definition.dao.BaseLocaleUrlDefinitionDAO@http-nio-8080-exec-5] File Resource file:/C:/Users/Yvans/OneDrive/Escritorio/Universidad/Tercero/DP2/Workspace-23/Starters/Hello-World-23.1.0/target/classes/WEB-INF/views/master/tiles_en.xml at file:/C:/Users/Yvans/OneDrive/Escritorio/Universidad/Tercero/DP2/Workspace-23/Starters/Hello-World-23.1.0/target/classes/WEB-INF/views/master/tiles_en.xml not found, continue 
2023-02-09 10:57:36.587 DEBUG [org.apache.jasper.servlet.JspServlet@http-nio-8080-exec-5] JspEngine --> /WEB-INF/views/master/page.jsp 
2023-02-09 10:57:36.589 DEBUG [org.apache.jasper.servlet.JspServlet@http-nio-8080-exec-5] ServletPath: /WEB-INF/views/master/page.jsp 
2023-02-09 10:57:36.591 DEBUG [org.apache.jasper.servlet.JspServlet@http-nio-8080-exec-5] PathInfo: null 
2023-02-09 10:57:36.598 DEBUG [org.apache.jasper.servlet.JspServlet@http-nio-8080-exec-5] RealPath: C:\Users\Yvans\OneDrive\Escritorio\Universidad\Tercero\DP2\Workspace-23\Starters\Hello-World-23.1.0\target\classes\WEB-INF\views\master\page.jsp 
2023-02-09 10:57:36.600 DEBUG [org.apache.jasper.servlet.JspServlet@http-nio-8080-exec-5] RequestURI: /hello-world-23.1.0/WEB-INF/views/master/page.jsp 
2023-02-09 10:57:36.601 DEBUG [org.apache.jasper.servlet.JspServlet@http-nio-8080-exec-5] QueryString: null 
2023-02-09 10:57:47.059 DEBUG [acme.framework.components.extensions.ExtendedMessageSource@http-nio-8080-exec-5] Loading properties [C:\Users\Yvans\OneDrive\Escritorio\Universidad\Tercero\DP2\Workspace-23\Starters\Hello-World-23.1.0\target\classes\WEB-INF\views\administrator\user-account\messages-en.i18n] with encoding 'utf-8' 
2023-02-09 10:57:47.095 DEBUG [acme.framework.components.extensions.ExtendedMessageSource@http-nio-8080-exec-5] Loading properties [C:\Users\Yvans\OneDrive\Escritorio\Universidad\Tercero\DP2\Workspace-23\Starters\Hello-World-23.1.0\target\classes\WEB-INF\views\anonymous\user-account\messages-en.i18n] with encoding 'utf-8' 
2023-02-09 10:57:47.099 DEBUG [acme.framework.components.extensions.ExtendedMessageSource@http-nio-8080-exec-5] Loading properties [C:\Users\Yvans\OneDrive\Escritorio\Universidad\Tercero\DP2\Workspace-23\Starters\Hello-World-23.1.0\target\classes\WEB-INF\views\authenticated\consumer\messsages-en.i18n] with encoding 'utf-8' 
2023-02-09 10:57:47.103 DEBUG [acme.framework.components.extensions.ExtendedMessageSource@http-nio-8080-exec-5] Loading properties [C:\Users\Yvans\OneDrive\Escritorio\Universidad\Tercero\DP2\Workspace-23\Starters\Hello-World-23.1.0\target\classes\WEB-INF\views\authenticated\provider\messsages-en.i18n] with encoding 'utf-8' 
2023-02-09 10:57:47.105 DEBUG [acme.framework.components.extensions.ExtendedMessageSource@http-nio-8080-exec-5] Loading properties [C:\Users\Yvans\OneDrive\Escritorio\Universidad\Tercero\DP2\Workspace-23\Starters\Hello-World-23.1.0\target\classes\WEB-INF\views\authenticated\user-account\messages-en.i18n] with encoding 'utf-8' 
2023-02-09 10:57:47.108 DEBUG [acme.framework.components.extensions.ExtendedMessageSource@http-nio-8080-exec-5] Loading properties [C:\Users\Yvans\OneDrive\Escritorio\Universidad\Tercero\DP2\Workspace-23\Starters\Hello-World-23.1.0\target\classes\WEB-INF\views\fragments\banner-en.i18n] with encoding 'utf-8' 
2023-02-09 10:57:47.111 DEBUG [acme.framework.components.extensions.ExtendedMessageSource@http-nio-8080-exec-5] Loading properties [C:\Users\Yvans\OneDrive\Escritorio\Universidad\Tercero\DP2\Workspace-23\Starters\Hello-World-23.1.0\target\classes\WEB-INF\views\fragments\company-en.i18n] with encoding 'utf-8' 
2023-02-09 10:57:47.113 DEBUG [acme.framework.components.extensions.ExtendedMessageSource@http-nio-8080-exec-5] Loading properties [C:\Users\Yvans\OneDrive\Escritorio\Universidad\Tercero\DP2\Workspace-23\Starters\Hello-World-23.1.0\target\classes\WEB-INF\views\fragments\footer-en.i18n] with encoding 'utf-8' 
2023-02-09 10:57:47.116 DEBUG [acme.framework.components.extensions.ExtendedMessageSource@http-nio-8080-exec-5] Loading properties [C:\Users\Yvans\OneDrive\Escritorio\Universidad\Tercero\DP2\Workspace-23\Starters\Hello-World-23.1.0\target\classes\WEB-INF\views\fragments\license-en.i18n] with encoding 'utf-8' 
2023-02-09 10:57:47.119 DEBUG [acme.framework.components.extensions.ExtendedMessageSource@http-nio-8080-exec-5] Loading properties [C:\Users\Yvans\OneDrive\Escritorio\Universidad\Tercero\DP2\Workspace-23\Starters\Hello-World-23.1.0\target\classes\WEB-INF\views\fragments\menu-en.i18n] with encoding 'utf-8' 
2023-02-09 10:57:47.122 DEBUG [acme.framework.components.extensions.ExtendedMessageSource@http-nio-8080-exec-5] Loading properties [C:\Users\Yvans\OneDrive\Escritorio\Universidad\Tercero\DP2\Workspace-23\Starters\Hello-World-23.1.0\target\classes\WEB-INF\views\fragments\messsages-en.i18n] with encoding 'utf-8' 
2023-02-09 10:57:47.124 DEBUG [acme.framework.components.extensions.ExtendedMessageSource@http-nio-8080-exec-5] Loading properties [C:\Users\Yvans\OneDrive\Escritorio\Universidad\Tercero\DP2\Workspace-23\Starters\Hello-World-23.1.0\target\classes\WEB-INF\views\fragments\title-en.i18n] with encoding 'utf-8' 
2023-02-09 10:57:47.126 DEBUG [acme.framework.components.extensions.ExtendedMessageSource@http-nio-8080-exec-5] Loading properties [C:\Users\Yvans\OneDrive\Escritorio\Universidad\Tercero\DP2\Workspace-23\Starters\Hello-World-23.1.0\target\classes\WEB-INF\views\fragments\welcome-en.i18n] with encoding 'utf-8' 
2023-02-09 10:57:47.128 DEBUG [acme.framework.components.extensions.ExtendedMessageSource@http-nio-8080-exec-5] Loading properties [C:\Users\Yvans\OneDrive\Escritorio\Universidad\Tercero\DP2\Workspace-23\Starters\Hello-World-23.1.0\target\classes\WEB-INF\views\master\defaults-en.i18n] with encoding 'utf-8' 
2023-02-09 10:57:47.130 DEBUG [acme.framework.components.extensions.ExtendedMessageSource@http-nio-8080-exec-5] Loading properties [C:\Users\Yvans\OneDrive\Escritorio\Universidad\Tercero\DP2\Workspace-23\Starters\Hello-World-23.1.0\target\classes\WEB-INF\views\master\master-en.i18n] with encoding 'utf-8' 
2023-02-09 10:57:47.133 DEBUG [acme.framework.components.extensions.ExtendedMessageSource@http-nio-8080-exec-5] Loading properties [C:\Users\Yvans\OneDrive\Escritorio\Universidad\Tercero\DP2\Workspace-23\Starters\Hello-World-23.1.0\target\classes\WEB-INF\views\master\panic-en.i18n] with encoding 'utf-8' 
2023-02-09 10:57:47.136 DEBUG [acme.framework.components.extensions.ExtendedMessageSource@http-nio-8080-exec-5] Loading properties [C:\Users\Yvans\OneDrive\Escritorio\Universidad\Tercero\DP2\Workspace-23\Starters\Hello-World-23.1.0\target\classes\WEB-INF\views\master\throwables-en.i18n] with encoding 'utf-8' 
2023-02-09 10:57:47.140 DEBUG [acme.framework.components.extensions.ExtendedMessageSource@http-nio-8080-exec-5] Loading properties [C:\Users\Yvans\OneDrive\Escritorio\Universidad\Tercero\DP2\Workspace-23\Starters\Hello-World-23.1.0\target\classes\WEB-INF\views\master\validation-en.i18n] with encoding 'utf-8' 
2023-02-09 10:57:47.523 DEBUG [org.apache.jasper.servlet.JspServlet@http-nio-8080-exec-5] JspEngine --> /WEB-INF/views/fragments/welcome.jsp 
2023-02-09 10:57:47.525 DEBUG [org.apache.jasper.servlet.JspServlet@http-nio-8080-exec-5] ServletPath: /WEB-INF/views/master/page.jsp 
2023-02-09 10:57:47.526 DEBUG [org.apache.jasper.servlet.JspServlet@http-nio-8080-exec-5] PathInfo: null 
2023-02-09 10:57:47.533 DEBUG [org.apache.jasper.servlet.JspServlet@http-nio-8080-exec-5] RealPath: C:\Users\Yvans\OneDrive\Escritorio\Universidad\Tercero\DP2\Workspace-23\Starters\Hello-World-23.1.0\target\classes\WEB-INF\views\fragments\welcome.jsp 
2023-02-09 10:57:47.535 DEBUG [org.apache.jasper.servlet.JspServlet@http-nio-8080-exec-5] RequestURI: /hello-world-23.1.0/WEB-INF/views/master/page.jsp 
2023-02-09 10:57:47.536 DEBUG [org.apache.jasper.servlet.JspServlet@http-nio-8080-exec-5] QueryString: null 
2023-02-09 10:58:01.543 DEBUG [acme.framework.components.tiles.DynamicTilesView@http-nio-8080-exec-6] View name 'fragments/welcome', model {} 
2023-02-09 10:58:01.546 DEBUG [org.apache.jasper.servlet.JspServlet@http-nio-8080-exec-6] JspEngine --> /WEB-INF/views/master/page.jsp 
2023-02-09 10:58:01.547 DEBUG [org.apache.jasper.servlet.JspServlet@http-nio-8080-exec-6] ServletPath: /WEB-INF/views/master/page.jsp 
2023-02-09 10:58:01.548 DEBUG [org.apache.jasper.servlet.JspServlet@http-nio-8080-exec-6] PathInfo: null 
2023-02-09 10:58:01.552 DEBUG [org.apache.jasper.servlet.JspServlet@http-nio-8080-exec-6] RealPath: C:\Users\Yvans\OneDrive\Escritorio\Universidad\Tercero\DP2\Workspace-23\Starters\Hello-World-23.1.0\target\classes\WEB-INF\views\master\page.jsp 
2023-02-09 10:58:01.553 DEBUG [org.apache.jasper.servlet.JspServlet@http-nio-8080-exec-6] RequestURI: /hello-world-23.1.0/WEB-INF/views/master/page.jsp 
2023-02-09 10:58:01.554 DEBUG [org.apache.jasper.servlet.JspServlet@http-nio-8080-exec-6] QueryString: null 
2023-02-09 10:58:01.853 DEBUG [org.apache.jasper.servlet.JspServlet@http-nio-8080-exec-6] JspEngine --> /WEB-INF/views/fragments/welcome.jsp 
2023-02-09 10:58:01.855 DEBUG [org.apache.jasper.servlet.JspServlet@http-nio-8080-exec-6] ServletPath: /WEB-INF/views/master/page.jsp 
2023-02-09 10:58:01.857 DEBUG [org.apache.jasper.servlet.JspServlet@http-nio-8080-exec-6] PathInfo: null 
2023-02-09 10:58:01.861 DEBUG [org.apache.jasper.servlet.JspServlet@http-nio-8080-exec-6] RealPath: C:\Users\Yvans\OneDrive\Escritorio\Universidad\Tercero\DP2\Workspace-23\Starters\Hello-World-23.1.0\target\classes\WEB-INF\views\fragments\welcome.jsp 
2023-02-09 10:58:01.862 DEBUG [org.apache.jasper.servlet.JspServlet@http-nio-8080-exec-6] RequestURI: /hello-world-23.1.0/WEB-INF/views/master/page.jsp 
2023-02-09 10:58:01.863 DEBUG [org.apache.jasper.servlet.JspServlet@http-nio-8080-exec-6] QueryString: null 
2023-02-09 10:58:08.522 DEBUG [acme.framework.components.tiles.DynamicTilesView@http-nio-8080-exec-5] View name 'fragments/welcome', model {} 
2023-02-09 10:58:08.524 DEBUG [org.apache.jasper.servlet.JspServlet@http-nio-8080-exec-5] JspEngine --> /WEB-INF/views/master/page.jsp 
2023-02-09 10:58:08.524 DEBUG [org.apache.jasper.servlet.JspServlet@http-nio-8080-exec-5] ServletPath: /WEB-INF/views/master/page.jsp 
2023-02-09 10:58:08.526 DEBUG [org.apache.jasper.servlet.JspServlet@http-nio-8080-exec-5] PathInfo: null 
2023-02-09 10:58:08.530 DEBUG [org.apache.jasper.servlet.JspServlet@http-nio-8080-exec-5] RealPath: C:\Users\Yvans\OneDrive\Escritorio\Universidad\Tercero\DP2\Workspace-23\Starters\Hello-World-23.1.0\target\classes\WEB-INF\views\master\page.jsp 
2023-02-09 10:58:08.531 DEBUG [org.apache.jasper.servlet.JspServlet@http-nio-8080-exec-5] RequestURI: /hello-world-23.1.0/WEB-INF/views/master/page.jsp 
2023-02-09 10:58:08.532 DEBUG [org.apache.jasper.servlet.JspServlet@http-nio-8080-exec-5] QueryString: null 
2023-02-09 10:58:08.779 DEBUG [org.apache.jasper.servlet.JspServlet@http-nio-8080-exec-5] JspEngine --> /WEB-INF/views/fragments/welcome.jsp 
2023-02-09 10:58:08.780 DEBUG [org.apache.jasper.servlet.JspServlet@http-nio-8080-exec-5] ServletPath: /WEB-INF/views/master/page.jsp 
2023-02-09 10:58:08.781 DEBUG [org.apache.jasper.servlet.JspServlet@http-nio-8080-exec-5] PathInfo: null 
2023-02-09 10:58:08.783 DEBUG [org.apache.jasper.servlet.JspServlet@http-nio-8080-exec-5] RealPath: C:\Users\Yvans\OneDrive\Escritorio\Universidad\Tercero\DP2\Workspace-23\Starters\Hello-World-23.1.0\target\classes\WEB-INF\views\fragments\welcome.jsp 
2023-02-09 10:58:08.784 DEBUG [org.apache.jasper.servlet.JspServlet@http-nio-8080-exec-5] RequestURI: /hello-world-23.1.0/WEB-INF/views/master/page.jsp 
2023-02-09 10:58:08.785 DEBUG [org.apache.jasper.servlet.JspServlet@http-nio-8080-exec-5] QueryString: null 
2023-02-09 10:58:22.705 DEBUG [acme.framework.components.tiles.DynamicTilesView@http-nio-8080-exec-5] View name 'fragments/welcome', model {} 
2023-02-09 10:58:22.709 DEBUG [org.apache.jasper.servlet.JspServlet@http-nio-8080-exec-5] JspEngine --> /WEB-INF/views/master/page.jsp 
2023-02-09 10:58:22.711 DEBUG [org.apache.jasper.servlet.JspServlet@http-nio-8080-exec-5] ServletPath: /WEB-INF/views/master/page.jsp 
2023-02-09 10:58:22.711 DEBUG [org.apache.jasper.servlet.JspServlet@http-nio-8080-exec-5] PathInfo: null 
2023-02-09 10:58:22.714 DEBUG [org.apache.jasper.servlet.JspServlet@http-nio-8080-exec-5] RealPath: C:\Users\Yvans\OneDrive\Escritorio\Universidad\Tercero\DP2\Workspace-23\Starters\Hello-World-23.1.0\target\classes\WEB-INF\views\master\page.jsp 
2023-02-09 10:58:22.716 DEBUG [org.apache.jasper.servlet.JspServlet@http-nio-8080-exec-5] RequestURI: /hello-world-23.1.0/WEB-INF/views/master/page.jsp 
2023-02-09 10:58:22.717 DEBUG [org.apache.jasper.servlet.JspServlet@http-nio-8080-exec-5] QueryString: null 
2023-02-09 10:58:22.979 DEBUG [org.apache.jasper.servlet.JspServlet@http-nio-8080-exec-5] JspEngine --> /WEB-INF/views/fragments/welcome.jsp 
2023-02-09 10:58:22.981 DEBUG [org.apache.jasper.servlet.JspServlet@http-nio-8080-exec-5] ServletPath: /WEB-INF/views/master/page.jsp 
2023-02-09 10:58:22.982 DEBUG [org.apache.jasper.servlet.JspServlet@http-nio-8080-exec-5] PathInfo: null 
2023-02-09 10:58:22.984 DEBUG [org.apache.jasper.servlet.JspServlet@http-nio-8080-exec-5] RealPath: C:\Users\Yvans\OneDrive\Escritorio\Universidad\Tercero\DP2\Workspace-23\Starters\Hello-World-23.1.0\target\classes\WEB-INF\views\fragments\welcome.jsp 
2023-02-09 10:58:22.986 DEBUG [org.apache.jasper.servlet.JspServlet@http-nio-8080-exec-5] RequestURI: /hello-world-23.1.0/WEB-INF/views/master/page.jsp 
2023-02-09 10:58:22.987 DEBUG [org.apache.jasper.servlet.JspServlet@http-nio-8080-exec-5] QueryString: null 
2023-02-09 11:08:25.908 WARN  [com.zaxxer.hikari.pool.HikariPool@HikariPool-1 housekeeper] HikariPool-1 - Thread starvation or clock leap detected (housekeeper delta=2m28s578ms823µs500ns). 
